1900-01-01 14:13:21
Student List:
Visual: 		 lambda:0.98 <0, 0, 0, 0, 0>	probability: 0.200000
Non-Visual: 	 lambda:1.08 <0, 2, 0, 1, 1>	probability: 0.400000
Independant: 	 lambda:0.82 <2, 1, 0, 0, 0>	probability: 0.200000
Dependant: 		 lambda:1.03 <1, 2, 1, 1, 0>	probability: 0.200000
Running lil-UCB algorithm with epsilon: 0.010, confidence: 0.950, beta: 1, lambda: 9...
ARM: <0, 0, 0, 0, 0>	DELTA: 0.076101
ARM: <0, 0, 0, 0, 1>	DELTA: 0.160165
ARM: <0, 0, 0, 1, 0>	DELTA: 0.066774
ARM: <0, 0, 0, 1, 1>	DELTA: 0.067967
ARM: <0, 0, 1, 0, 0>	DELTA: 0.093473
ARM: <0, 0, 1, 0, 1>	DELTA: 0.177818
ARM: <0, 0, 1, 1, 0>	DELTA: 0.079504
ARM: <0, 0, 1, 1, 1>	DELTA: 0.087432
ARM: <0, 1, 0, 0, 0>	DELTA: 0.062612
ARM: <0, 1, 0, 0, 1>	DELTA: 0.140105
ARM: <0, 1, 0, 1, 0>	DELTA: 0.038713
ARM: <0, 1, 0, 1, 1>	DELTA: 0.031132
ARM: <0, 1, 1, 0, 0>	DELTA: 0.079845
ARM: <0, 1, 1, 0, 1>	DELTA: 0.158296
ARM: <0, 1, 1, 1, 0>	DELTA: 0.051559
ARM: <0, 1, 1, 1, 1>	DELTA: 0.051712
ARM: <0, 2, 0, 0, 0>	DELTA: 0.067991
ARM: <0, 2, 0, 0, 1>	DELTA: 0.131687
ARM: <0, 2, 0, 1, 0>	DELTA: 0.021608
ARM: <0, 2, 0, 1, 1>	DELTA: 0.000000
ARM: <0, 2, 1, 0, 0>	DELTA: 0.084287
ARM: <0, 2, 1, 0, 1>	DELTA: 0.149938
ARM: <0, 2, 1, 1, 0>	DELTA: 0.034055
ARM: <0, 2, 1, 1, 1>	DELTA: 0.021444
ARM: <0, 3, 0, 0, 0>	DELTA: 0.110316
ARM: <0, 3, 0, 0, 1>	DELTA: 0.170397
ARM: <0, 3, 0, 1, 0>	DELTA: 0.069005
ARM: <0, 3, 0, 1, 1>	DELTA: 0.050397
ARM: <0, 3, 1, 0, 0>	DELTA: 0.125428
ARM: <0, 3, 1, 0, 1>	DELTA: 0.187246
ARM: <0, 3, 1, 1, 0>	DELTA: 0.080508
ARM: <0, 3, 1, 1, 1>	DELTA: 0.070127
ARM: <0, 4, 0, 0, 0>	DELTA: 0.149461
ARM: <0, 4, 0, 0, 1>	DELTA: 0.206113
ARM: <0, 4, 0, 1, 0>	DELTA: 0.112722
ARM: <0, 4, 0, 1, 1>	DELTA: 0.096783
ARM: <0, 4, 1, 0, 0>	DELTA: 0.163476
ARM: <0, 4, 1, 0, 1>	DELTA: 0.221669
ARM: <0, 4, 1, 1, 0>	DELTA: 0.123355
ARM: <0, 4, 1, 1, 1>	DELTA: 0.114936
ARM: <1, 0, 0, 0, 0>	DELTA: 0.083457
ARM: <1, 0, 0, 0, 1>	DELTA: 0.177010
ARM: <1, 0, 0, 1, 0>	DELTA: 0.073512
ARM: <1, 0, 0, 1, 1>	DELTA: 0.093950
ARM: <1, 0, 1, 0, 0>	DELTA: 0.099373
ARM: <1, 0, 1, 0, 1>	DELTA: 0.193130
ARM: <1, 0, 1, 1, 0>	DELTA: 0.084176
ARM: <1, 0, 1, 1, 1>	DELTA: 0.111022
ARM: <1, 1, 0, 0, 0>	DELTA: 0.067887
ARM: <1, 1, 0, 0, 1>	DELTA: 0.156799
ARM: <1, 1, 0, 1, 0>	DELTA: 0.044434
ARM: <1, 1, 0, 1, 1>	DELTA: 0.058467
ARM: <1, 1, 1, 0, 0>	DELTA: 0.083671
ARM: <1, 1, 1, 0, 1>	DELTA: 0.173404
ARM: <1, 1, 1, 1, 0>	DELTA: 0.055115
ARM: <1, 1, 1, 1, 1>	DELTA: 0.076492
ARM: <1, 2, 0, 0, 0>	DELTA: 0.073161
ARM: <1, 2, 0, 0, 1>	DELTA: 0.149640
ARM: <1, 2, 0, 1, 0>	DELTA: 0.027648
ARM: <1, 2, 0, 1, 1>	DELTA: 0.029748
ARM: <1, 2, 1, 0, 0>	DELTA: 0.087927
ARM: <1, 2, 1, 0, 1>	DELTA: 0.166186
ARM: <1, 2, 1, 1, 0>	DELTA: 0.037763
ARM: <1, 2, 1, 1, 1>	DELTA: 0.048420
ARM: <1, 3, 0, 0, 0>	DELTA: 0.114875
ARM: <1, 3, 0, 0, 1>	DELTA: 0.186743
ARM: <1, 3, 0, 1, 0>	DELTA: 0.074378
ARM: <1, 3, 0, 1, 1>	DELTA: 0.077579
ARM: <1, 3, 1, 0, 0>	DELTA: 0.128586
ARM: <1, 3, 1, 0, 1>	DELTA: 0.202030
ARM: <1, 3, 1, 1, 0>	DELTA: 0.083742
ARM: <1, 3, 1, 1, 1>	DELTA: 0.094766
ARM: <1, 4, 0, 0, 0>	DELTA: 0.153471
ARM: <1, 4, 0, 0, 1>	DELTA: 0.220992
ARM: <1, 4, 0, 1, 0>	DELTA: 0.117494
ARM: <1, 4, 0, 1, 1>	DELTA: 0.121617
ARM: <1, 4, 1, 0, 0>	DELTA: 0.166203
ARM: <1, 4, 1, 0, 1>	DELTA: 0.235118
ARM: <1, 4, 1, 1, 0>	DELTA: 0.126164
ARM: <1, 4, 1, 1, 1>	DELTA: 0.137438
ARM: <2, 0, 0, 0, 0>	DELTA: 0.105547
ARM: <2, 0, 0, 0, 1>	DELTA: 0.201234
ARM: <2, 0, 0, 1, 0>	DELTA: 0.107843
ARM: <2, 0, 0, 1, 1>	DELTA: 0.134090
ARM: <2, 0, 1, 0, 0>	DELTA: 0.121193
ARM: <2, 0, 1, 0, 1>	DELTA: 0.216606
ARM: <2, 0, 1, 1, 0>	DELTA: 0.118291
ARM: <2, 0, 1, 1, 1>	DELTA: 0.149998
ARM: <2, 1, 0, 0, 0>	DELTA: 0.089453
ARM: <2, 1, 0, 0, 1>	DELTA: 0.181682
ARM: <2, 1, 0, 1, 0>	DELTA: 0.080289
ARM: <2, 1, 0, 1, 1>	DELTA: 0.101272
ARM: <2, 1, 1, 0, 0>	DELTA: 0.105062
ARM: <2, 1, 1, 0, 1>	DELTA: 0.197541
ARM: <2, 1, 1, 1, 0>	DELTA: 0.090804
ARM: <2, 1, 1, 1, 1>	DELTA: 0.118070
ARM: <2, 2, 0, 0, 0>	DELTA: 0.096457
ARM: <2, 2, 0, 0, 1>	DELTA: 0.176755
ARM: <2, 2, 0, 1, 0>	DELTA: 0.066676
ARM: <2, 2, 0, 1, 1>	DELTA: 0.076454
ARM: <2, 2, 1, 0, 0>	DELTA: 0.111056
ARM: <2, 2, 1, 0, 1>	DELTA: 0.192500
ARM: <2, 2, 1, 1, 0>	DELTA: 0.076617
ARM: <2, 2, 1, 1, 1>	DELTA: 0.093790
ARM: <2, 3, 0, 0, 0>	DELTA: 0.136112
ARM: <2, 3, 0, 0, 1>	DELTA: 0.211521
ARM: <2, 3, 0, 1, 0>	DELTA: 0.110129
ARM: <2, 3, 0, 1, 1>	DELTA: 0.120385
ARM: <2, 3, 1, 0, 0>	DELTA: 0.149678
ARM: <2, 3, 1, 0, 1>	DELTA: 0.226079
ARM: <2, 3, 1, 1, 0>	DELTA: 0.119342
ARM: <2, 3, 1, 1, 1>	DELTA: 0.136352
ARM: <2, 4, 0, 0, 0>	DELTA: 0.172826
ARM: <2, 4, 0, 0, 1>	DELTA: 0.243632
ARM: <2, 4, 0, 1, 0>	DELTA: 0.150241
ARM: <2, 4, 0, 1, 1>	DELTA: 0.160848
ARM: <2, 4, 1, 0, 0>	DELTA: 0.185432
ARM: <2, 4, 1, 0, 1>	DELTA: 0.257094
ARM: <2, 4, 1, 1, 0>	DELTA: 0.158779
ARM: <2, 4, 1, 1, 1>	DELTA: 0.175554
ITERATION:    200 ARM: <2, 2, 0, 1, 1>	CONFIGMU: 0.560284	DELTA: 0.076454
ITERATION:    300 ARM: <2, 0, 0, 0, 0>	CONFIGMU: 0.531191	DELTA: 0.105547
ITERATION:    400 ARM: <1, 3, 1, 0, 1>	CONFIGMU: 0.434707	DELTA: 0.202030
ITERATION:    500 ARM: <1, 2, 1, 0, 0>	CONFIGMU: 0.548810	DELTA: 0.087927
ITERATION:    600 ARM: <0, 1, 0, 1, 0>	CONFIGMU: 0.598025	DELTA: 0.038713
ITERATION:    700 ARM: <2, 1, 1, 0, 0>	CONFIGMU: 0.531676	DELTA: 0.105062
ITERATION:    800 ARM: <0, 1, 0, 1, 0>	CONFIGMU: 0.598025	DELTA: 0.038713
ITERATION:    900 ARM: <2, 0, 1, 0, 1>	CONFIGMU: 0.420132	DELTA: 0.216606
ITERATION:   1000 ARM: <1, 1, 1, 1, 0>	CONFIGMU: 0.581623	DELTA: 0.055115
ITERATION:   1100 ARM: <0, 1, 1, 0, 0>	CONFIGMU: 0.556892	DELTA: 0.079845
ITERATION:   1200 ARM: <0, 1, 0, 1, 0>	CONFIGMU: 0.598025	DELTA: 0.038713
ITERATION:   1300 ARM: <0, 1, 0, 1, 0>	CONFIGMU: 0.598025	DELTA: 0.038713
ITERATION:   1400 ARM: <0, 2, 1, 1, 0>	CONFIGMU: 0.602683	DELTA: 0.034055
ITERATION:   1500 ARM: <0, 2, 1, 1, 0>	CONFIGMU: 0.602683	DELTA: 0.034055
ITERATION:   1600 ARM: <0, 1, 0, 1, 0>	CONFIGMU: 0.598025	DELTA: 0.038713
ITERATION:   1700 ARM: <0, 1, 0, 1, 0>	CONFIGMU: 0.598025	DELTA: 0.038713
ITERATION:   1800 ARM: <1, 3, 0, 1, 0>	CONFIGMU: 0.562360	DELTA: 0.074378
ITERATION:   1900 ARM: <1, 1, 1, 1, 1>	CONFIGMU: 0.560246	DELTA: 0.076492
ITERATION:   2000 ARM: <0, 1, 0, 1, 0>	CONFIGMU: 0.598025	DELTA: 0.038713
ITERATION:   2100 ARM: <1, 1, 0, 1, 0>	CONFIGMU: 0.592303	DELTA: 0.044434
ITERATION:   2200 ARM: <0, 2, 1, 1, 1>	CONFIGMU: 0.615294	DELTA: 0.021444
ITERATION:   2300 ARM: <0, 1, 0, 1, 0>	CONFIGMU: 0.598025	DELTA: 0.038713
ITERATION:   2400 ARM: <0, 2, 1, 1, 1>	CONFIGMU: 0.615294	DELTA: 0.021444
ITERATION:   2500 ARM: <0, 2, 1, 1, 0>	CONFIGMU: 0.602683	DELTA: 0.034055
ITERATION:   2600 ARM: <0, 2, 1, 1, 0>	CONFIGMU: 0.602683	DELTA: 0.034055
ITERATION:   2700 ARM: <0, 2, 1, 1, 0>	CONFIGMU: 0.602683	DELTA: 0.034055
ITERATION:   2800 ARM: <0, 2, 1, 1, 0>	CONFIGMU: 0.602683	DELTA: 0.034055
ITERATION:   2900 ARM: <0, 1, 0, 1, 0>	CONFIGMU: 0.598025	DELTA: 0.038713
ITERATION:   3000 ARM: <0, 2, 1, 1, 0>	CONFIGMU: 0.602683	DELTA: 0.034055
ITERATION:   3100 ARM: <0, 2, 1, 1, 0>	CONFIGMU: 0.602683	DELTA: 0.034055
ITERATION:   3200 ARM: <1, 1, 0, 0, 0>	CONFIGMU: 0.568851	DELTA: 0.067887
ITERATION:   3300 ARM: <1, 1, 0, 0, 0>	CONFIGMU: 0.568851	DELTA: 0.067887
ITERATION:   3400 ARM: <0, 1, 0, 1, 0>	CONFIGMU: 0.598025	DELTA: 0.038713
ITERATION:   3500 ARM: <0, 2, 1, 1, 0>	CONFIGMU: 0.602683	DELTA: 0.034055
ITERATION:   3600 ARM: <1, 1, 1, 1, 1>	CONFIGMU: 0.560246	DELTA: 0.076492
ITERATION:   3700 ARM: <0, 2, 1, 1, 0>	CONFIGMU: 0.602683	DELTA: 0.034055
ITERATION:   3800 ARM: <0, 1, 0, 1, 0>	CONFIGMU: 0.598025	DELTA: 0.038713
ITERATION:   3900 ARM: <1, 1, 0, 0, 0>	CONFIGMU: 0.568851	DELTA: 0.067887
ITERATION:   4000 ARM: <0, 2, 1, 1, 0>	CONFIGMU: 0.602683	DELTA: 0.034055
ITERATION:   4100 ARM: <0, 1, 0, 1, 0>	CONFIGMU: 0.598025	DELTA: 0.038713
ITERATION:   4200 ARM: <0, 2, 1, 1, 0>	CONFIGMU: 0.602683	DELTA: 0.034055
ITERATION:   4300 ARM: <0, 2, 1, 1, 1>	CONFIGMU: 0.615294	DELTA: 0.021444
ITERATION:   4400 ARM: <0, 2, 1, 1, 1>	CONFIGMU: 0.615294	DELTA: 0.021444
ITERATION:   4500 ARM: <0, 2, 1, 1, 1>	CONFIGMU: 0.615294	DELTA: 0.021444
ITERATION:   4600 ARM: <0, 2, 1, 1, 1>	CONFIGMU: 0.615294	DELTA: 0.021444
ITERATION:   4700 ARM: <0, 2, 1, 1, 1>	CONFIGMU: 0.615294	DELTA: 0.021444
ITERATION:   4800 ARM: <2, 0, 1, 0, 0>	CONFIGMU: 0.515544	DELTA: 0.121193
ITERATION:   4900 ARM: <2, 0, 1, 0, 0>	CONFIGMU: 0.515544	DELTA: 0.121193
ITERATION:   5000 ARM: <1, 1, 0, 0, 0>	CONFIGMU: 0.568851	DELTA: 0.067887
ITERATION:   5100 ARM: <0, 2, 1, 1, 0>	CONFIGMU: 0.602683	DELTA: 0.034055
ITERATION:   5200 ARM: <0, 2, 1, 1, 0>	CONFIGMU: 0.602683	DELTA: 0.034055
ITERATION:   5300 ARM: <0, 2, 1, 1, 0>	CONFIGMU: 0.602683	DELTA: 0.034055
ITERATION:   5400 ARM: <0, 2, 1, 1, 0>	CONFIGMU: 0.602683	DELTA: 0.034055
ITERATION:   5500 ARM: <0, 2, 1, 1, 0>	CONFIGMU: 0.602683	DELTA: 0.034055
ITERATION:   5600 ARM: <0, 2, 1, 1, 0>	CONFIGMU: 0.602683	DELTA: 0.034055
ITERATION:   5700 ARM: <0, 2, 1, 1, 0>	CONFIGMU: 0.602683	DELTA: 0.034055
ITERATION:   5800 ARM: <0, 2, 1, 1, 0>	CONFIGMU: 0.602683	DELTA: 0.034055
ITERATION:   5900 ARM: <0, 2, 1, 1, 0>	CONFIGMU: 0.602683	DELTA: 0.034055
ITERATION:   6000 ARM: <0, 2, 1, 1, 0>	CONFIGMU: 0.602683	DELTA: 0.034055
ITERATION:   6100 ARM: <0, 2, 1, 1, 0>	CONFIGMU: 0.602683	DELTA: 0.034055
ITERATION:   6200 ARM: <0, 2, 1, 1, 0>	CONFIGMU: 0.602683	DELTA: 0.034055
ITERATION:   6300 ARM: <0, 2, 1, 1, 0>	CONFIGMU: 0.602683	DELTA: 0.034055
ITERATION:   6400 ARM: <0, 2, 1, 1, 0>	CONFIGMU: 0.602683	DELTA: 0.034055
ITERATION:   6500 ARM: <0, 2, 1, 1, 0>	CONFIGMU: 0.602683	DELTA: 0.034055
ITERATION:   6600 ARM: <0, 2, 1, 1, 0>	CONFIGMU: 0.602683	DELTA: 0.034055
ITERATION:   6700 ARM: <0, 2, 1, 1, 0>	CONFIGMU: 0.602683	DELTA: 0.034055
ITERATION:   6800 ARM: <0, 2, 1, 1, 0>	CONFIGMU: 0.602683	DELTA: 0.034055
ITERATION:   6900 ARM: <0, 2, 1, 1, 0>	CONFIGMU: 0.602683	DELTA: 0.034055
ITERATION:   7000 ARM: <0, 2, 1, 1, 0>	CONFIGMU: 0.602683	DELTA: 0.034055
ITERATION:   7100 ARM: <1, 1, 1, 1, 1>	CONFIGMU: 0.560246	DELTA: 0.076492
ITERATION:   7200 ARM: <0, 2, 1, 1, 0>	CONFIGMU: 0.602683	DELTA: 0.034055
ITERATION:   7300 ARM: <0, 2, 1, 1, 0>	CONFIGMU: 0.602683	DELTA: 0.034055
ITERATION:   7400 ARM: <0, 1, 0, 1, 0>	CONFIGMU: 0.598025	DELTA: 0.038713
ITERATION:   7500 ARM: <0, 2, 1, 1, 1>	CONFIGMU: 0.615294	DELTA: 0.021444
ITERATION:   7600 ARM: <0, 2, 1, 1, 1>	CONFIGMU: 0.615294	DELTA: 0.021444
ITERATION:   7700 ARM: <0, 2, 1, 1, 1>	CONFIGMU: 0.615294	DELTA: 0.021444
ITERATION:   7800 ARM: <0, 2, 1, 1, 1>	CONFIGMU: 0.615294	DELTA: 0.021444
ITERATION:   7900 ARM: <0, 2, 1, 1, 0>	CONFIGMU: 0.602683	DELTA: 0.034055
ITERATION:   8000 ARM: <0, 2, 1, 1, 0>	CONFIGMU: 0.602683	DELTA: 0.034055
ITERATION:   8100 ARM: <0, 2, 1, 1, 0>	CONFIGMU: 0.602683	DELTA: 0.034055
ITERATION:   8200 ARM: <0, 2, 1, 1, 0>	CONFIGMU: 0.602683	DELTA: 0.034055
ITERATION:   8300 ARM: <0, 2, 1, 1, 0>	CONFIGMU: 0.602683	DELTA: 0.034055
ITERATION:   8400 ARM: <0, 2, 1, 1, 0>	CONFIGMU: 0.602683	DELTA: 0.034055
ITERATION:   8500 ARM: <0, 2, 1, 1, 0>	CONFIGMU: 0.602683	DELTA: 0.034055
ITERATION:   8600 ARM: <0, 2, 1, 1, 0>	CONFIGMU: 0.602683	DELTA: 0.034055
ITERATION:   8700 ARM: <0, 2, 1, 1, 0>	CONFIGMU: 0.602683	DELTA: 0.034055
ITERATION:   8800 ARM: <0, 2, 1, 1, 0>	CONFIGMU: 0.602683	DELTA: 0.034055
ITERATION:   8900 ARM: <0, 2, 1, 1, 0>	CONFIGMU: 0.602683	DELTA: 0.034055
ITERATION:   9000 ARM: <0, 2, 1, 1, 0>	CONFIGMU: 0.602683	DELTA: 0.034055
ITERATION:   9100 ARM: <0, 2, 1, 1, 0>	CONFIGMU: 0.602683	DELTA: 0.034055
ITERATION:   9200 ARM: <0, 2, 1, 1, 0>	CONFIGMU: 0.602683	DELTA: 0.034055
ITERATION:   9300 ARM: <0, 2, 1, 1, 0>	CONFIGMU: 0.602683	DELTA: 0.034055
ITERATION:   9400 ARM: <0, 2, 1, 1, 0>	CONFIGMU: 0.602683	DELTA: 0.034055
ITERATION:   9500 ARM: <0, 2, 1, 1, 0>	CONFIGMU: 0.602683	DELTA: 0.034055
ITERATION:   9600 ARM: <0, 2, 1, 1, 0>	CONFIGMU: 0.602683	DELTA: 0.034055
ITERATION:   9700 ARM: <0, 2, 1, 1, 0>	CONFIGMU: 0.602683	DELTA: 0.034055
ITERATION:   9800 ARM: <0, 2, 1, 1, 0>	CONFIGMU: 0.602683	DELTA: 0.034055
ITERATION:   9900 ARM: <0, 2, 1, 1, 0>	CONFIGMU: 0.602683	DELTA: 0.034055
ITERATION:  10000 ARM: <0, 2, 1, 1, 0>	CONFIGMU: 0.602683	DELTA: 0.034055
ITERATION:  10100 ARM: <0, 2, 1, 1, 0>	CONFIGMU: 0.602683	DELTA: 0.034055
ITERATION:  10200 ARM: <0, 2, 1, 1, 0>	CONFIGMU: 0.602683	DELTA: 0.034055
ITERATION:  10300 ARM: <0, 2, 1, 1, 0>	CONFIGMU: 0.602683	DELTA: 0.034055
ITERATION:  10400 ARM: <0, 2, 1, 1, 0>	CONFIGMU: 0.602683	DELTA: 0.034055
ITERATION:  10500 ARM: <0, 2, 1, 1, 0>	CONFIGMU: 0.602683	DELTA: 0.034055
ITERATION:  10600 ARM: <0, 2, 1, 1, 0>	CONFIGMU: 0.602683	DELTA: 0.034055
ITERATION:  10700 ARM: <0, 2, 1, 1, 0>	CONFIGMU: 0.602683	DELTA: 0.034055
ITERATION:  10800 ARM: <0, 2, 1, 1, 0>	CONFIGMU: 0.602683	DELTA: 0.034055
ITERATION:  10900 ARM: <0, 2, 1, 1, 0>	CONFIGMU: 0.602683	DELTA: 0.034055
ITERATION:  11000 ARM: <0, 2, 1, 1, 0>	CONFIGMU: 0.602683	DELTA: 0.034055
ITERATION:  11100 ARM: <0, 2, 1, 1, 0>	CONFIGMU: 0.602683	DELTA: 0.034055
ITERATION:  11200 ARM: <0, 2, 1, 1, 0>	CONFIGMU: 0.602683	DELTA: 0.034055
ITERATION:  11300 ARM: <0, 2, 1, 1, 0>	CONFIGMU: 0.602683	DELTA: 0.034055
ITERATION:  11400 ARM: <0, 2, 1, 1, 0>	CONFIGMU: 0.602683	DELTA: 0.034055
ITERATION:  11500 ARM: <0, 2, 1, 1, 0>	CONFIGMU: 0.602683	DELTA: 0.034055
ITERATION:  11600 ARM: <0, 2, 1, 1, 0>	CONFIGMU: 0.602683	DELTA: 0.034055
ITERATION:  11700 ARM: <0, 2, 1, 1, 0>	CONFIGMU: 0.602683	DELTA: 0.034055
ITERATION:  11800 ARM: <0, 2, 1, 1, 0>	CONFIGMU: 0.602683	DELTA: 0.034055
ITERATION:  11900 ARM: <0, 1, 0, 1, 0>	CONFIGMU: 0.598025	DELTA: 0.038713
ITERATION:  12000 ARM: <0, 2, 1, 1, 0>	CONFIGMU: 0.602683	DELTA: 0.034055
ITERATION:  12100 ARM: <0, 2, 1, 1, 0>	CONFIGMU: 0.602683	DELTA: 0.034055
ITERATION:  12200 ARM: <0, 2, 1, 1, 0>	CONFIGMU: 0.602683	DELTA: 0.034055
ITERATION:  12300 ARM: <0, 2, 1, 1, 1>	CONFIGMU: 0.615294	DELTA: 0.021444
ITERATION:  12400 ARM: <0, 2, 1, 1, 1>	CONFIGMU: 0.615294	DELTA: 0.021444
ITERATION:  12500 ARM: <0, 2, 1, 1, 1>	CONFIGMU: 0.615294	DELTA: 0.021444
ITERATION:  12600 ARM: <0, 2, 1, 1, 1>	CONFIGMU: 0.615294	DELTA: 0.021444
ITERATION:  12700 ARM: <0, 2, 1, 1, 1>	CONFIGMU: 0.615294	DELTA: 0.021444
ITERATION:  12800 ARM: <0, 2, 1, 1, 0>	CONFIGMU: 0.602683	DELTA: 0.034055
ITERATION:  12900 ARM: <0, 2, 1, 1, 0>	CONFIGMU: 0.602683	DELTA: 0.034055
ITERATION:  13000 ARM: <0, 2, 1, 1, 0>	CONFIGMU: 0.602683	DELTA: 0.034055
ITERATION:  13100 ARM: <0, 2, 1, 1, 0>	CONFIGMU: 0.602683	DELTA: 0.034055
ITERATION:  13200 ARM: <0, 2, 1, 1, 0>	CONFIGMU: 0.602683	DELTA: 0.034055
ITERATION:  13300 ARM: <0, 2, 1, 1, 0>	CONFIGMU: 0.602683	DELTA: 0.034055
ITERATION:  13400 ARM: <0, 2, 1, 1, 0>	CONFIGMU: 0.602683	DELTA: 0.034055
ITERATION:  13500 ARM: <0, 2, 1, 1, 0>	CONFIGMU: 0.602683	DELTA: 0.034055
ITERATION:  13600 ARM: <0, 2, 1, 1, 0>	CONFIGMU: 0.602683	DELTA: 0.034055
ITERATION:  13700 ARM: <0, 2, 1, 1, 0>	CONFIGMU: 0.602683	DELTA: 0.034055
ITERATION:  13800 ARM: <0, 2, 1, 1, 1>	CONFIGMU: 0.615294	DELTA: 0.021444
ITERATION:  13900 ARM: <0, 2, 1, 1, 1>	CONFIGMU: 0.615294	DELTA: 0.021444
ITERATION:  14000 ARM: <0, 2, 1, 1, 1>	CONFIGMU: 0.615294	DELTA: 0.021444
ITERATION:  14100 ARM: <0, 2, 1, 1, 1>	CONFIGMU: 0.615294	DELTA: 0.021444
ITERATION:  14200 ARM: <0, 2, 1, 1, 1>	CONFIGMU: 0.615294	DELTA: 0.021444
ITERATION:  14300 ARM: <0, 2, 1, 1, 0>	CONFIGMU: 0.602683	DELTA: 0.034055
ITERATION:  14400 ARM: <2, 0, 1, 0, 0>	CONFIGMU: 0.515544	DELTA: 0.121193
ITERATION:  14500 ARM: <0, 2, 1, 1, 0>	CONFIGMU: 0.602683	DELTA: 0.034055
ITERATION:  14600 ARM: <0, 2, 1, 1, 1>	CONFIGMU: 0.615294	DELTA: 0.021444
ITERATION:  14700 ARM: <0, 2, 1, 1, 0>	CONFIGMU: 0.602683	DELTA: 0.034055
ITERATION:  14800 ARM: <0, 2, 1, 1, 0>	CONFIGMU: 0.602683	DELTA: 0.034055
ITERATION:  14900 ARM: <0, 2, 1, 1, 0>	CONFIGMU: 0.602683	DELTA: 0.034055
ITERATION:  15000 ARM: <0, 2, 1, 1, 0>	CONFIGMU: 0.602683	DELTA: 0.034055
ITERATION:  15100 ARM: <0, 2, 1, 1, 0>	CONFIGMU: 0.602683	DELTA: 0.034055
ITERATION:  15200 ARM: <0, 2, 1, 1, 0>	CONFIGMU: 0.602683	DELTA: 0.034055
ITERATION:  15300 ARM: <0, 2, 1, 1, 0>	CONFIGMU: 0.602683	DELTA: 0.034055
ITERATION:  15400 ARM: <0, 2, 1, 1, 0>	CONFIGMU: 0.602683	DELTA: 0.034055
ITERATION:  15500 ARM: <0, 2, 1, 1, 0>	CONFIGMU: 0.602683	DELTA: 0.034055
ITERATION:  15600 ARM: <0, 2, 1, 1, 0>	CONFIGMU: 0.602683	DELTA: 0.034055
ITERATION:  15700 ARM: <0, 2, 1, 1, 0>	CONFIGMU: 0.602683	DELTA: 0.034055
ITERATION:  15800 ARM: <0, 2, 1, 1, 0>	CONFIGMU: 0.602683	DELTA: 0.034055
ITERATION:  15900 ARM: <0, 2, 1, 1, 0>	CONFIGMU: 0.602683	DELTA: 0.034055
ITERATION:  16000 ARM: <0, 2, 1, 1, 0>	CONFIGMU: 0.602683	DELTA: 0.034055
ITERATION:  16100 ARM: <0, 2, 1, 1, 0>	CONFIGMU: 0.602683	DELTA: 0.034055
ITERATION:  16200 ARM: <0, 2, 1, 1, 0>	CONFIGMU: 0.602683	DELTA: 0.034055
ITERATION:  16300 ARM: <0, 2, 1, 1, 0>	CONFIGMU: 0.602683	DELTA: 0.034055
ITERATION:  16400 ARM: <0, 2, 1, 1, 0>	CONFIGMU: 0.602683	DELTA: 0.034055
ITERATION:  16500 ARM: <0, 2, 1, 1, 0>	CONFIGMU: 0.602683	DELTA: 0.034055
ITERATION:  16600 ARM: <0, 2, 1, 1, 0>	CONFIGMU: 0.602683	DELTA: 0.034055
ITERATION:  16700 ARM: <1, 1, 0, 1, 0>	CONFIGMU: 0.592303	DELTA: 0.044434
ITERATION:  16800 ARM: <1, 1, 0, 1, 0>	CONFIGMU: 0.592303	DELTA: 0.044434
ITERATION:  16900 ARM: <1, 1, 0, 1, 0>	CONFIGMU: 0.592303	DELTA: 0.044434
ITERATION:  17000 ARM: <1, 1, 0, 1, 0>	CONFIGMU: 0.592303	DELTA: 0.044434
ITERATION:  17100 ARM: <1, 1, 0, 1, 0>	CONFIGMU: 0.592303	DELTA: 0.044434
ITERATION:  17200 ARM: <1, 1, 0, 1, 0>	CONFIGMU: 0.592303	DELTA: 0.044434
ITERATION:  17300 ARM: <1, 1, 0, 1, 0>	CONFIGMU: 0.592303	DELTA: 0.044434
ITERATION:  17400 ARM: <1, 1, 0, 1, 0>	CONFIGMU: 0.592303	DELTA: 0.044434
ITERATION:  17500 ARM: <1, 1, 0, 1, 0>	CONFIGMU: 0.592303	DELTA: 0.044434
ITERATION:  17600 ARM: <1, 1, 0, 1, 0>	CONFIGMU: 0.592303	DELTA: 0.044434
ITERATION:  17700 ARM: <1, 1, 0, 1, 0>	CONFIGMU: 0.592303	DELTA: 0.044434
ITERATION:  17800 ARM: <1, 1, 0, 1, 0>	CONFIGMU: 0.592303	DELTA: 0.044434
ITERATION:  17900 ARM: <1, 1, 0, 1, 0>	CONFIGMU: 0.592303	DELTA: 0.044434
ITERATION:  18000 ARM: <1, 1, 0, 1, 0>	CONFIGMU: 0.592303	DELTA: 0.044434
ITERATION:  18100 ARM: <1, 1, 0, 1, 0>	CONFIGMU: 0.592303	DELTA: 0.044434
ITERATION:  18200 ARM: <1, 1, 0, 1, 0>	CONFIGMU: 0.592303	DELTA: 0.044434
ITERATION:  18300 ARM: <1, 1, 0, 1, 0>	CONFIGMU: 0.592303	DELTA: 0.044434
ITERATION:  18400 ARM: <1, 1, 0, 1, 0>	CONFIGMU: 0.592303	DELTA: 0.044434
ITERATION:  18500 ARM: <1, 1, 0, 1, 0>	CONFIGMU: 0.592303	DELTA: 0.044434
ITERATION:  18600 ARM: <1, 1, 0, 1, 0>	CONFIGMU: 0.592303	DELTA: 0.044434
ITERATION:  18700 ARM: <1, 1, 0, 1, 0>	CONFIGMU: 0.592303	DELTA: 0.044434
ITERATION:  18800 ARM: <1, 1, 0, 1, 0>	CONFIGMU: 0.592303	DELTA: 0.044434
ITERATION:  18900 ARM: <1, 1, 0, 1, 0>	CONFIGMU: 0.592303	DELTA: 0.044434
ITERATION:  19000 ARM: <1, 1, 0, 1, 0>	CONFIGMU: 0.592303	DELTA: 0.044434
ITERATION:  19100 ARM: <1, 1, 0, 1, 0>	CONFIGMU: 0.592303	DELTA: 0.044434
ITERATION:  19200 ARM: <1, 1, 0, 1, 0>	CONFIGMU: 0.592303	DELTA: 0.044434
ITERATION:  19300 ARM: <0, 3, 0, 1, 0>	CONFIGMU: 0.567733	DELTA: 0.069005
ITERATION:  19400 ARM: <1, 1, 0, 1, 0>	CONFIGMU: 0.592303	DELTA: 0.044434
ITERATION:  19500 ARM: <0, 2, 1, 1, 0>	CONFIGMU: 0.602683	DELTA: 0.034055
ITERATION:  19600 ARM: <0, 2, 1, 1, 0>	CONFIGMU: 0.602683	DELTA: 0.034055
ITERATION:  19700 ARM: <0, 2, 1, 1, 0>	CONFIGMU: 0.602683	DELTA: 0.034055
ITERATION:  19800 ARM: <0, 2, 1, 1, 0>	CONFIGMU: 0.602683	DELTA: 0.034055
ITERATION:  19900 ARM: <0, 2, 1, 1, 0>	CONFIGMU: 0.602683	DELTA: 0.034055
ITERATION:  20000 ARM: <1, 1, 0, 1, 0>	CONFIGMU: 0.592303	DELTA: 0.044434
ITERATION:  20100 ARM: <1, 1, 0, 1, 0>	CONFIGMU: 0.592303	DELTA: 0.044434
ITERATION:  20200 ARM: <1, 1, 0, 1, 0>	CONFIGMU: 0.592303	DELTA: 0.044434
ITERATION:  20300 ARM: <0, 2, 1, 1, 0>	CONFIGMU: 0.602683	DELTA: 0.034055
ITERATION:  20400 ARM: <0, 2, 1, 1, 0>	CONFIGMU: 0.602683	DELTA: 0.034055
ITERATION:  20500 ARM: <0, 2, 1, 1, 0>	CONFIGMU: 0.602683	DELTA: 0.034055
ITERATION:  20600 ARM: <0, 2, 1, 1, 0>	CONFIGMU: 0.602683	DELTA: 0.034055
ITERATION:  20700 ARM: <0, 2, 1, 1, 0>	CONFIGMU: 0.602683	DELTA: 0.034055
ITERATION:  20800 ARM: <0, 2, 1, 1, 0>	CONFIGMU: 0.602683	DELTA: 0.034055
ITERATION:  20900 ARM: <0, 2, 1, 1, 1>	CONFIGMU: 0.615294	DELTA: 0.021444
ITERATION:  21000 ARM: <0, 2, 1, 1, 1>	CONFIGMU: 0.615294	DELTA: 0.021444
ITERATION:  21100 ARM: <0, 2, 1, 1, 1>	CONFIGMU: 0.615294	DELTA: 0.021444
ITERATION:  21200 ARM: <0, 2, 1, 1, 1>	CONFIGMU: 0.615294	DELTA: 0.021444
ITERATION:  21300 ARM: <0, 1, 1, 0, 0>	CONFIGMU: 0.556892	DELTA: 0.079845
ITERATION:  21400 ARM: <0, 1, 1, 0, 0>	CONFIGMU: 0.556892	DELTA: 0.079845
ITERATION:  21500 ARM: <0, 2, 1, 1, 0>	CONFIGMU: 0.602683	DELTA: 0.034055
ITERATION:  21600 ARM: <0, 2, 1, 1, 0>	CONFIGMU: 0.602683	DELTA: 0.034055
ITERATION:  21700 ARM: <0, 2, 1, 1, 0>	CONFIGMU: 0.602683	DELTA: 0.034055
ITERATION:  21800 ARM: <0, 2, 1, 1, 0>	CONFIGMU: 0.602683	DELTA: 0.034055
ITERATION:  21900 ARM: <0, 2, 1, 1, 0>	CONFIGMU: 0.602683	DELTA: 0.034055
ITERATION:  22000 ARM: <0, 2, 1, 1, 0>	CONFIGMU: 0.602683	DELTA: 0.034055
ITERATION:  22100 ARM: <0, 2, 1, 1, 0>	CONFIGMU: 0.602683	DELTA: 0.034055
ITERATION:  22200 ARM: <0, 2, 1, 1, 0>	CONFIGMU: 0.602683	DELTA: 0.034055
ITERATION:  22300 ARM: <0, 2, 1, 1, 0>	CONFIGMU: 0.602683	DELTA: 0.034055
ITERATION:  22400 ARM: <0, 2, 1, 1, 0>	CONFIGMU: 0.602683	DELTA: 0.034055
ITERATION:  22500 ARM: <0, 2, 1, 1, 0>	CONFIGMU: 0.602683	DELTA: 0.034055
ITERATION:  22600 ARM: <0, 2, 1, 1, 0>	CONFIGMU: 0.602683	DELTA: 0.034055
ITERATION:  22700 ARM: <0, 2, 1, 1, 0>	CONFIGMU: 0.602683	DELTA: 0.034055
ITERATION:  22800 ARM: <0, 2, 1, 1, 0>	CONFIGMU: 0.602683	DELTA: 0.034055
ITERATION:  22900 ARM: <0, 2, 1, 1, 0>	CONFIGMU: 0.602683	DELTA: 0.034055
ITERATION:  23000 ARM: <0, 2, 1, 1, 0>	CONFIGMU: 0.602683	DELTA: 0.034055
ITERATION:  23100 ARM: <0, 2, 1, 1, 0>	CONFIGMU: 0.602683	DELTA: 0.034055
ITERATION:  23200 ARM: <0, 2, 1, 1, 0>	CONFIGMU: 0.602683	DELTA: 0.034055
ITERATION:  23300 ARM: <0, 2, 1, 1, 0>	CONFIGMU: 0.602683	DELTA: 0.034055
ITERATION:  23400 ARM: <0, 2, 1, 1, 0>	CONFIGMU: 0.602683	DELTA: 0.034055
ITERATION:  23500 ARM: <0, 2, 1, 1, 0>	CONFIGMU: 0.602683	DELTA: 0.034055
ITERATION:  23600 ARM: <0, 2, 1, 1, 0>	CONFIGMU: 0.602683	DELTA: 0.034055
ITERATION:  23700 ARM: <0, 2, 1, 1, 0>	CONFIGMU: 0.602683	DELTA: 0.034055
ITERATION:  23800 ARM: <0, 2, 1, 1, 0>	CONFIGMU: 0.602683	DELTA: 0.034055
ITERATION:  23900 ARM: <0, 2, 1, 1, 0>	CONFIGMU: 0.602683	DELTA: 0.034055
ITERATION:  24000 ARM: <0, 2, 1, 1, 0>	CONFIGMU: 0.602683	DELTA: 0.034055
ITERATION:  24100 ARM: <0, 2, 1, 1, 0>	CONFIGMU: 0.602683	DELTA: 0.034055
ITERATION:  24200 ARM: <2, 2, 1, 1, 0>	CONFIGMU: 0.560120	DELTA: 0.076617
ITERATION:  24300 ARM: <0, 2, 1, 1, 0>	CONFIGMU: 0.602683	DELTA: 0.034055
ITERATION:  24400 ARM: <0, 2, 1, 1, 0>	CONFIGMU: 0.602683	DELTA: 0.034055
ITERATION:  24500 ARM: <0, 1, 0, 1, 0>	CONFIGMU: 0.598025	DELTA: 0.038713
ITERATION:  24600 ARM: <0, 1, 0, 1, 0>	CONFIGMU: 0.598025	DELTA: 0.038713
ITERATION:  24700 ARM: <0, 1, 0, 1, 0>	CONFIGMU: 0.598025	DELTA: 0.038713
ITERATION:  24800 ARM: <0, 2, 1, 1, 0>	CONFIGMU: 0.602683	DELTA: 0.034055
ITERATION:  24900 ARM: <0, 2, 1, 1, 0>	CONFIGMU: 0.602683	DELTA: 0.034055
ITERATION:  25000 ARM: <0, 2, 1, 1, 0>	CONFIGMU: 0.602683	DELTA: 0.034055
ITERATION:  25100 ARM: <0, 2, 1, 1, 0>	CONFIGMU: 0.602683	DELTA: 0.034055
ITERATION:  25200 ARM: <0, 2, 1, 1, 0>	CONFIGMU: 0.602683	DELTA: 0.034055
ITERATION:  25300 ARM: <0, 2, 1, 1, 0>	CONFIGMU: 0.602683	DELTA: 0.034055
ITERATION:  25400 ARM: <0, 2, 1, 1, 0>	CONFIGMU: 0.602683	DELTA: 0.034055
ITERATION:  25500 ARM: <0, 2, 1, 1, 0>	CONFIGMU: 0.602683	DELTA: 0.034055
ITERATION:  25600 ARM: <0, 2, 1, 1, 0>	CONFIGMU: 0.602683	DELTA: 0.034055
ITERATION:  25700 ARM: <0, 2, 1, 1, 0>	CONFIGMU: 0.602683	DELTA: 0.034055
ITERATION:  25800 ARM: <0, 2, 1, 1, 0>	CONFIGMU: 0.602683	DELTA: 0.034055
ITERATION:  25900 ARM: <0, 2, 1, 1, 0>	CONFIGMU: 0.602683	DELTA: 0.034055
ITERATION:  26000 ARM: <0, 2, 1, 1, 0>	CONFIGMU: 0.602683	DELTA: 0.034055
ITERATION:  26100 ARM: <0, 2, 1, 1, 0>	CONFIGMU: 0.602683	DELTA: 0.034055
ITERATION:  26200 ARM: <0, 2, 1, 1, 0>	CONFIGMU: 0.602683	DELTA: 0.034055
ITERATION:  26300 ARM: <0, 2, 1, 1, 0>	CONFIGMU: 0.602683	DELTA: 0.034055
ITERATION:  26400 ARM: <0, 2, 1, 1, 0>	CONFIGMU: 0.602683	DELTA: 0.034055
ITERATION:  26500 ARM: <0, 2, 1, 1, 0>	CONFIGMU: 0.602683	DELTA: 0.034055
ITERATION:  26600 ARM: <0, 2, 1, 1, 0>	CONFIGMU: 0.602683	DELTA: 0.034055
ITERATION:  26700 ARM: <0, 2, 1, 1, 0>	CONFIGMU: 0.602683	DELTA: 0.034055
ITERATION:  26800 ARM: <0, 2, 1, 1, 0>	CONFIGMU: 0.602683	DELTA: 0.034055
ITERATION:  26900 ARM: <0, 2, 1, 1, 0>	CONFIGMU: 0.602683	DELTA: 0.034055
ITERATION:  27000 ARM: <0, 2, 1, 1, 0>	CONFIGMU: 0.602683	DELTA: 0.034055
ITERATION:  27100 ARM: <0, 2, 1, 1, 0>	CONFIGMU: 0.602683	DELTA: 0.034055
ITERATION:  27200 ARM: <0, 2, 1, 1, 0>	CONFIGMU: 0.602683	DELTA: 0.034055
ITERATION:  27300 ARM: <0, 2, 1, 1, 0>	CONFIGMU: 0.602683	DELTA: 0.034055
ITERATION:  27400 ARM: <0, 2, 1, 1, 0>	CONFIGMU: 0.602683	DELTA: 0.034055
ITERATION:  27500 ARM: <0, 2, 1, 1, 0>	CONFIGMU: 0.602683	DELTA: 0.034055
ITERATION:  27600 ARM: <0, 2, 1, 1, 0>	CONFIGMU: 0.602683	DELTA: 0.034055
ITERATION:  27700 ARM: <0, 2, 1, 1, 0>	CONFIGMU: 0.602683	DELTA: 0.034055
ITERATION:  27800 ARM: <0, 2, 1, 1, 0>	CONFIGMU: 0.602683	DELTA: 0.034055
ITERATION:  27900 ARM: <0, 2, 1, 1, 0>	CONFIGMU: 0.602683	DELTA: 0.034055
ITERATION:  28000 ARM: <1, 0, 1, 0, 0>	CONFIGMU: 0.537364	DELTA: 0.099373
ITERATION:  28100 ARM: <1, 0, 1, 0, 0>	CONFIGMU: 0.537364	DELTA: 0.099373
ITERATION:  28200 ARM: <0, 2, 1, 1, 1>	CONFIGMU: 0.615294	DELTA: 0.021444
ITERATION:  28300 ARM: <0, 2, 1, 1, 0>	CONFIGMU: 0.602683	DELTA: 0.034055
ITERATION:  28400 ARM: <0, 2, 1, 1, 0>	CONFIGMU: 0.602683	DELTA: 0.034055
ITERATION:  28500 ARM: <0, 2, 1, 1, 0>	CONFIGMU: 0.602683	DELTA: 0.034055
ITERATION:  28600 ARM: <0, 2, 1, 1, 0>	CONFIGMU: 0.602683	DELTA: 0.034055
ITERATION:  28700 ARM: <0, 2, 1, 1, 0>	CONFIGMU: 0.602683	DELTA: 0.034055
ITERATION:  28800 ARM: <0, 2, 1, 1, 0>	CONFIGMU: 0.602683	DELTA: 0.034055
ITERATION:  28900 ARM: <0, 2, 1, 1, 0>	CONFIGMU: 0.602683	DELTA: 0.034055
ITERATION:  29000 ARM: <0, 2, 1, 1, 0>	CONFIGMU: 0.602683	DELTA: 0.034055
ITERATION:  29100 ARM: <0, 2, 1, 1, 0>	CONFIGMU: 0.602683	DELTA: 0.034055
ITERATION:  29200 ARM: <0, 2, 1, 1, 0>	CONFIGMU: 0.602683	DELTA: 0.034055
ITERATION:  29300 ARM: <0, 2, 1, 1, 0>	CONFIGMU: 0.602683	DELTA: 0.034055
ITERATION:  29400 ARM: <0, 2, 1, 1, 0>	CONFIGMU: 0.602683	DELTA: 0.034055
ITERATION:  29500 ARM: <0, 2, 1, 1, 0>	CONFIGMU: 0.602683	DELTA: 0.034055
ITERATION:  29600 ARM: <0, 2, 1, 1, 0>	CONFIGMU: 0.602683	DELTA: 0.034055
ITERATION:  29700 ARM: <1, 1, 0, 1, 0>	CONFIGMU: 0.592303	DELTA: 0.044434
ITERATION:  29800 ARM: <1, 1, 0, 1, 0>	CONFIGMU: 0.592303	DELTA: 0.044434
ITERATION:  29900 ARM: <0, 2, 1, 1, 0>	CONFIGMU: 0.602683	DELTA: 0.034055
ITERATION:  30000 ARM: <0, 2, 1, 1, 0>	CONFIGMU: 0.602683	DELTA: 0.034055
ITERATION:  30100 ARM: <0, 2, 1, 1, 0>	CONFIGMU: 0.602683	DELTA: 0.034055
ITERATION:  30200 ARM: <0, 2, 1, 1, 0>	CONFIGMU: 0.602683	DELTA: 0.034055
ITERATION:  30300 ARM: <0, 2, 1, 1, 0>	CONFIGMU: 0.602683	DELTA: 0.034055
ITERATION:  30400 ARM: <0, 2, 1, 1, 0>	CONFIGMU: 0.602683	DELTA: 0.034055
ITERATION:  30500 ARM: <0, 2, 1, 1, 1>	CONFIGMU: 0.615294	DELTA: 0.021444
ITERATION:  30600 ARM: <0, 2, 1, 1, 1>	CONFIGMU: 0.615294	DELTA: 0.021444
ITERATION:  30700 ARM: <0, 2, 1, 1, 1>	CONFIGMU: 0.615294	DELTA: 0.021444
ITERATION:  30800 ARM: <0, 2, 1, 1, 1>	CONFIGMU: 0.615294	DELTA: 0.021444
ITERATION:  30900 ARM: <0, 2, 1, 1, 1>	CONFIGMU: 0.615294	DELTA: 0.021444
ITERATION:  31000 ARM: <0, 2, 1, 1, 1>	CONFIGMU: 0.615294	DELTA: 0.021444
ITERATION:  31100 ARM: <0, 2, 1, 1, 1>	CONFIGMU: 0.615294	DELTA: 0.021444
ITERATION:  31200 ARM: <0, 2, 1, 1, 1>	CONFIGMU: 0.615294	DELTA: 0.021444
ITERATION:  31300 ARM: <0, 2, 1, 1, 1>	CONFIGMU: 0.615294	DELTA: 0.021444
ITERATION:  31400 ARM: <0, 2, 1, 1, 1>	CONFIGMU: 0.615294	DELTA: 0.021444
ITERATION:  31500 ARM: <0, 2, 1, 1, 1>	CONFIGMU: 0.615294	DELTA: 0.021444
ITERATION:  31600 ARM: <0, 2, 1, 1, 1>	CONFIGMU: 0.615294	DELTA: 0.021444
ITERATION:  31700 ARM: <0, 2, 1, 1, 1>	CONFIGMU: 0.615294	DELTA: 0.021444
ITERATION:  31800 ARM: <0, 2, 1, 1, 1>	CONFIGMU: 0.615294	DELTA: 0.021444
ITERATION:  31900 ARM: <0, 2, 1, 1, 1>	CONFIGMU: 0.615294	DELTA: 0.021444
ITERATION:  32000 ARM: <0, 2, 1, 1, 1>	CONFIGMU: 0.615294	DELTA: 0.021444
ITERATION:  32100 ARM: <0, 2, 1, 1, 1>	CONFIGMU: 0.615294	DELTA: 0.021444
ITERATION:  32200 ARM: <0, 2, 1, 1, 1>	CONFIGMU: 0.615294	DELTA: 0.021444
ITERATION:  32300 ARM: <0, 2, 1, 1, 1>	CONFIGMU: 0.615294	DELTA: 0.021444
ITERATION:  32400 ARM: <0, 2, 1, 1, 0>	CONFIGMU: 0.602683	DELTA: 0.034055
ITERATION:  32500 ARM: <0, 2, 1, 1, 0>	CONFIGMU: 0.602683	DELTA: 0.034055
ITERATION:  32600 ARM: <0, 2, 1, 1, 0>	CONFIGMU: 0.602683	DELTA: 0.034055
ITERATION:  32700 ARM: <0, 2, 1, 1, 0>	CONFIGMU: 0.602683	DELTA: 0.034055
ITERATION:  32800 ARM: <0, 2, 1, 1, 0>	CONFIGMU: 0.602683	DELTA: 0.034055
ITERATION:  32900 ARM: <0, 2, 1, 1, 0>	CONFIGMU: 0.602683	DELTA: 0.034055
ITERATION:  33000 ARM: <1, 1, 0, 1, 0>	CONFIGMU: 0.592303	DELTA: 0.044434
ITERATION:  33100 ARM: <1, 1, 0, 1, 0>	CONFIGMU: 0.592303	DELTA: 0.044434
ITERATION:  33200 ARM: <0, 2, 1, 1, 0>	CONFIGMU: 0.602683	DELTA: 0.034055
ITERATION:  33300 ARM: <0, 2, 1, 1, 0>	CONFIGMU: 0.602683	DELTA: 0.034055
ITERATION:  33400 ARM: <0, 2, 1, 1, 0>	CONFIGMU: 0.602683	DELTA: 0.034055
ITERATION:  33500 ARM: <0, 2, 1, 1, 0>	CONFIGMU: 0.602683	DELTA: 0.034055
ITERATION:  33600 ARM: <0, 2, 1, 1, 0>	CONFIGMU: 0.602683	DELTA: 0.034055
ITERATION:  33700 ARM: <0, 2, 1, 1, 0>	CONFIGMU: 0.602683	DELTA: 0.034055
ITERATION:  33800 ARM: <0, 2, 1, 1, 0>	CONFIGMU: 0.602683	DELTA: 0.034055
ITERATION:  33900 ARM: <0, 1, 0, 1, 0>	CONFIGMU: 0.598025	DELTA: 0.038713
ITERATION:  34000 ARM: <0, 2, 1, 1, 0>	CONFIGMU: 0.602683	DELTA: 0.034055
ITERATION:  34100 ARM: <1, 1, 0, 1, 0>	CONFIGMU: 0.592303	DELTA: 0.044434
ITERATION:  34200 ARM: <0, 0, 1, 1, 1>	CONFIGMU: 0.549306	DELTA: 0.087432
ITERATION:  34300 ARM: <0, 2, 1, 1, 0>	CONFIGMU: 0.602683	DELTA: 0.034055
ITERATION:  34400 ARM: <0, 2, 1, 1, 0>	CONFIGMU: 0.602683	DELTA: 0.034055
ITERATION:  34500 ARM: <1, 1, 0, 1, 0>	CONFIGMU: 0.592303	DELTA: 0.044434
ITERATION:  34600 ARM: <1, 1, 0, 1, 0>	CONFIGMU: 0.592303	DELTA: 0.044434
ITERATION:  34700 ARM: <1, 1, 0, 1, 0>	CONFIGMU: 0.592303	DELTA: 0.044434
ITERATION:  34800 ARM: <1, 1, 0, 1, 0>	CONFIGMU: 0.592303	DELTA: 0.044434
ITERATION:  34900 ARM: <1, 1, 0, 1, 0>	CONFIGMU: 0.592303	DELTA: 0.044434
ITERATION:  35000 ARM: <1, 1, 0, 1, 0>	CONFIGMU: 0.592303	DELTA: 0.044434
ITERATION:  35100 ARM: <1, 1, 0, 1, 0>	CONFIGMU: 0.592303	DELTA: 0.044434
ITERATION:  35200 ARM: <1, 1, 0, 1, 0>	CONFIGMU: 0.592303	DELTA: 0.044434
ITERATION:  35300 ARM: <0, 2, 1, 1, 1>	CONFIGMU: 0.615294	DELTA: 0.021444
ITERATION:  35400 ARM: <0, 2, 1, 1, 1>	CONFIGMU: 0.615294	DELTA: 0.021444
ITERATION:  35500 ARM: <0, 2, 1, 1, 0>	CONFIGMU: 0.602683	DELTA: 0.034055
ITERATION:  35600 ARM: <0, 2, 1, 1, 1>	CONFIGMU: 0.615294	DELTA: 0.021444
ITERATION:  35700 ARM: <0, 2, 1, 1, 1>	CONFIGMU: 0.615294	DELTA: 0.021444
ITERATION:  35800 ARM: <0, 2, 1, 1, 1>	CONFIGMU: 0.615294	DELTA: 0.021444
ITERATION:  35900 ARM: <0, 2, 1, 1, 1>	CONFIGMU: 0.615294	DELTA: 0.021444
ITERATION:  36000 ARM: <0, 2, 1, 1, 1>	CONFIGMU: 0.615294	DELTA: 0.021444
ITERATION:  36100 ARM: <0, 2, 1, 1, 1>	CONFIGMU: 0.615294	DELTA: 0.021444
ITERATION:  36200 ARM: <0, 2, 1, 1, 1>	CONFIGMU: 0.615294	DELTA: 0.021444
ITERATION:  36300 ARM: <0, 2, 1, 1, 1>	CONFIGMU: 0.615294	DELTA: 0.021444
ITERATION:  36400 ARM: <0, 2, 1, 1, 1>	CONFIGMU: 0.615294	DELTA: 0.021444
ITERATION:  36500 ARM: <0, 2, 1, 1, 1>	CONFIGMU: 0.615294	DELTA: 0.021444
ITERATION:  36600 ARM: <0, 2, 1, 1, 1>	CONFIGMU: 0.615294	DELTA: 0.021444
ITERATION:  36700 ARM: <0, 2, 1, 1, 1>	CONFIGMU: 0.615294	DELTA: 0.021444
ITERATION:  36800 ARM: <0, 2, 1, 1, 1>	CONFIGMU: 0.615294	DELTA: 0.021444
ITERATION:  36900 ARM: <0, 2, 1, 1, 1>	CONFIGMU: 0.615294	DELTA: 0.021444
ITERATION:  37000 ARM: <0, 2, 1, 1, 1>	CONFIGMU: 0.615294	DELTA: 0.021444
ITERATION:  37100 ARM: <0, 2, 1, 1, 1>	CONFIGMU: 0.615294	DELTA: 0.021444
ITERATION:  37200 ARM: <0, 2, 1, 1, 1>	CONFIGMU: 0.615294	DELTA: 0.021444
ITERATION:  37300 ARM: <0, 2, 1, 1, 1>	CONFIGMU: 0.615294	DELTA: 0.021444
ITERATION:  37400 ARM: <0, 2, 1, 1, 1>	CONFIGMU: 0.615294	DELTA: 0.021444
ITERATION:  37500 ARM: <0, 2, 1, 1, 1>	CONFIGMU: 0.615294	DELTA: 0.021444
ITERATION:  37600 ARM: <0, 2, 1, 1, 1>	CONFIGMU: 0.615294	DELTA: 0.021444
ITERATION:  37700 ARM: <0, 2, 1, 1, 1>	CONFIGMU: 0.615294	DELTA: 0.021444
ITERATION:  37800 ARM: <0, 2, 1, 1, 1>	CONFIGMU: 0.615294	DELTA: 0.021444
ITERATION:  37900 ARM: <0, 2, 1, 1, 1>	CONFIGMU: 0.615294	DELTA: 0.021444
ITERATION:  38000 ARM: <0, 2, 1, 1, 1>	CONFIGMU: 0.615294	DELTA: 0.021444
ITERATION:  38100 ARM: <0, 2, 1, 1, 1>	CONFIGMU: 0.615294	DELTA: 0.021444
ITERATION:  38200 ARM: <0, 2, 1, 1, 1>	CONFIGMU: 0.615294	DELTA: 0.021444
ITERATION:  38300 ARM: <0, 2, 1, 1, 1>	CONFIGMU: 0.615294	DELTA: 0.021444
ITERATION:  38400 ARM: <0, 2, 1, 1, 1>	CONFIGMU: 0.615294	DELTA: 0.021444
ITERATION:  38500 ARM: <0, 2, 1, 1, 1>	CONFIGMU: 0.615294	DELTA: 0.021444
ITERATION:  38600 ARM: <0, 2, 1, 1, 1>	CONFIGMU: 0.615294	DELTA: 0.021444
ITERATION:  38700 ARM: <0, 2, 1, 1, 1>	CONFIGMU: 0.615294	DELTA: 0.021444
ITERATION:  38800 ARM: <0, 2, 1, 1, 1>	CONFIGMU: 0.615294	DELTA: 0.021444
ITERATION:  38900 ARM: <0, 2, 1, 1, 1>	CONFIGMU: 0.615294	DELTA: 0.021444
ITERATION:  39000 ARM: <0, 2, 1, 1, 1>	CONFIGMU: 0.615294	DELTA: 0.021444
ITERATION:  39100 ARM: <0, 2, 1, 1, 1>	CONFIGMU: 0.615294	DELTA: 0.021444
ITERATION:  39200 ARM: <0, 2, 1, 1, 1>	CONFIGMU: 0.615294	DELTA: 0.021444
ITERATION:  39300 ARM: <0, 2, 1, 1, 1>	CONFIGMU: 0.615294	DELTA: 0.021444
ITERATION:  39400 ARM: <0, 2, 1, 1, 1>	CONFIGMU: 0.615294	DELTA: 0.021444
ITERATION:  39500 ARM: <0, 2, 1, 1, 1>	CONFIGMU: 0.615294	DELTA: 0.021444
ITERATION:  39600 ARM: <0, 2, 1, 1, 1>	CONFIGMU: 0.615294	DELTA: 0.021444
ITERATION:  39700 ARM: <0, 2, 1, 1, 1>	CONFIGMU: 0.615294	DELTA: 0.021444
ITERATION:  39800 ARM: <0, 2, 1, 1, 1>	CONFIGMU: 0.615294	DELTA: 0.021444
ITERATION:  39900 ARM: <0, 2, 1, 1, 1>	CONFIGMU: 0.615294	DELTA: 0.021444
ITERATION:  40000 ARM: <0, 2, 1, 1, 1>	CONFIGMU: 0.615294	DELTA: 0.021444
ITERATION:  40100 ARM: <0, 2, 1, 1, 1>	CONFIGMU: 0.615294	DELTA: 0.021444
ITERATION:  40200 ARM: <0, 2, 1, 1, 1>	CONFIGMU: 0.615294	DELTA: 0.021444
ITERATION:  40300 ARM: <0, 2, 1, 1, 1>	CONFIGMU: 0.615294	DELTA: 0.021444
ITERATION:  40400 ARM: <0, 2, 1, 1, 1>	CONFIGMU: 0.615294	DELTA: 0.021444
ITERATION:  40500 ARM: <0, 2, 1, 1, 1>	CONFIGMU: 0.615294	DELTA: 0.021444
ITERATION:  40600 ARM: <0, 2, 1, 1, 1>	CONFIGMU: 0.615294	DELTA: 0.021444
ITERATION:  40700 ARM: <0, 2, 1, 1, 1>	CONFIGMU: 0.615294	DELTA: 0.021444
ITERATION:  40800 ARM: <0, 2, 1, 1, 1>	CONFIGMU: 0.615294	DELTA: 0.021444
ITERATION:  40900 ARM: <0, 2, 1, 1, 1>	CONFIGMU: 0.615294	DELTA: 0.021444
ITERATION:  41000 ARM: <0, 2, 1, 1, 1>	CONFIGMU: 0.615294	DELTA: 0.021444
ITERATION:  41100 ARM: <0, 2, 1, 1, 1>	CONFIGMU: 0.615294	DELTA: 0.021444
ITERATION:  41200 ARM: <0, 2, 1, 1, 1>	CONFIGMU: 0.615294	DELTA: 0.021444
ITERATION:  41300 ARM: <0, 2, 1, 1, 1>	CONFIGMU: 0.615294	DELTA: 0.021444
ITERATION:  41400 ARM: <0, 2, 1, 1, 1>	CONFIGMU: 0.615294	DELTA: 0.021444
ITERATION:  41500 ARM: <0, 2, 1, 1, 1>	CONFIGMU: 0.615294	DELTA: 0.021444
ITERATION:  41600 ARM: <0, 2, 1, 1, 1>	CONFIGMU: 0.615294	DELTA: 0.021444
ITERATION:  41700 ARM: <0, 2, 1, 1, 1>	CONFIGMU: 0.615294	DELTA: 0.021444
ITERATION:  41800 ARM: <0, 2, 1, 1, 1>	CONFIGMU: 0.615294	DELTA: 0.021444
ITERATION:  41900 ARM: <0, 2, 1, 1, 1>	CONFIGMU: 0.615294	DELTA: 0.021444
ITERATION:  42000 ARM: <0, 2, 1, 1, 1>	CONFIGMU: 0.615294	DELTA: 0.021444
ITERATION:  42100 ARM: <0, 2, 1, 1, 1>	CONFIGMU: 0.615294	DELTA: 0.021444
ITERATION:  42200 ARM: <0, 2, 1, 1, 1>	CONFIGMU: 0.615294	DELTA: 0.021444
ITERATION:  42300 ARM: <0, 2, 1, 1, 1>	CONFIGMU: 0.615294	DELTA: 0.021444
ITERATION:  42400 ARM: <0, 2, 1, 1, 1>	CONFIGMU: 0.615294	DELTA: 0.021444
ITERATION:  42500 ARM: <0, 2, 1, 1, 1>	CONFIGMU: 0.615294	DELTA: 0.021444
ITERATION:  42600 ARM: <0, 2, 1, 1, 1>	CONFIGMU: 0.615294	DELTA: 0.021444
ITERATION:  42700 ARM: <0, 2, 1, 1, 1>	CONFIGMU: 0.615294	DELTA: 0.021444
ITERATION:  42800 ARM: <0, 2, 1, 1, 1>	CONFIGMU: 0.615294	DELTA: 0.021444
ITERATION:  42900 ARM: <0, 2, 1, 1, 1>	CONFIGMU: 0.615294	DELTA: 0.021444
ITERATION:  43000 ARM: <0, 2, 1, 1, 1>	CONFIGMU: 0.615294	DELTA: 0.021444
ITERATION:  43100 ARM: <0, 2, 1, 1, 1>	CONFIGMU: 0.615294	DELTA: 0.021444
ITERATION:  43200 ARM: <0, 2, 1, 1, 1>	CONFIGMU: 0.615294	DELTA: 0.021444
ITERATION:  43300 ARM: <0, 2, 1, 1, 1>	CONFIGMU: 0.615294	DELTA: 0.021444
ITERATION:  43400 ARM: <0, 2, 1, 1, 1>	CONFIGMU: 0.615294	DELTA: 0.021444
ITERATION:  43500 ARM: <0, 2, 1, 1, 1>	CONFIGMU: 0.615294	DELTA: 0.021444
ITERATION:  43600 ARM: <0, 2, 1, 1, 1>	CONFIGMU: 0.615294	DELTA: 0.021444
ITERATION:  43700 ARM: <0, 2, 1, 1, 1>	CONFIGMU: 0.615294	DELTA: 0.021444
ITERATION:  43800 ARM: <0, 2, 1, 1, 1>	CONFIGMU: 0.615294	DELTA: 0.021444
ITERATION:  43900 ARM: <0, 2, 1, 1, 1>	CONFIGMU: 0.615294	DELTA: 0.021444
ITERATION:  44000 ARM: <0, 2, 1, 1, 1>	CONFIGMU: 0.615294	DELTA: 0.021444
ITERATION:  44100 ARM: <0, 2, 1, 1, 1>	CONFIGMU: 0.615294	DELTA: 0.021444
ITERATION:  44200 ARM: <0, 2, 1, 1, 1>	CONFIGMU: 0.615294	DELTA: 0.021444
ITERATION:  44300 ARM: <0, 2, 1, 1, 1>	CONFIGMU: 0.615294	DELTA: 0.021444
ITERATION:  44400 ARM: <0, 2, 1, 1, 1>	CONFIGMU: 0.615294	DELTA: 0.021444
ITERATION:  44500 ARM: <0, 2, 1, 1, 1>	CONFIGMU: 0.615294	DELTA: 0.021444
ITERATION:  44600 ARM: <0, 2, 1, 1, 1>	CONFIGMU: 0.615294	DELTA: 0.021444
ITERATION:  44700 ARM: <0, 2, 1, 1, 1>	CONFIGMU: 0.615294	DELTA: 0.021444
ITERATION:  44800 ARM: <0, 2, 1, 1, 1>	CONFIGMU: 0.615294	DELTA: 0.021444
ITERATION:  44900 ARM: <0, 2, 1, 1, 1>	CONFIGMU: 0.615294	DELTA: 0.021444
ITERATION:  45000 ARM: <0, 2, 1, 1, 1>	CONFIGMU: 0.615294	DELTA: 0.021444
ITERATION:  45100 ARM: <0, 2, 1, 1, 1>	CONFIGMU: 0.615294	DELTA: 0.021444
ITERATION:  45200 ARM: <0, 2, 1, 1, 1>	CONFIGMU: 0.615294	DELTA: 0.021444
ITERATION:  45300 ARM: <0, 2, 1, 1, 1>	CONFIGMU: 0.615294	DELTA: 0.021444
ITERATION:  45400 ARM: <0, 2, 1, 1, 1>	CONFIGMU: 0.615294	DELTA: 0.021444
ITERATION:  45500 ARM: <0, 2, 1, 1, 1>	CONFIGMU: 0.615294	DELTA: 0.021444
ITERATION:  45600 ARM: <0, 2, 1, 1, 1>	CONFIGMU: 0.615294	DELTA: 0.021444
ITERATION:  45700 ARM: <0, 2, 1, 1, 1>	CONFIGMU: 0.615294	DELTA: 0.021444
ITERATION:  45800 ARM: <0, 2, 1, 1, 1>	CONFIGMU: 0.615294	DELTA: 0.021444
ITERATION:  45900 ARM: <0, 2, 1, 1, 1>	CONFIGMU: 0.615294	DELTA: 0.021444
ITERATION:  46000 ARM: <0, 2, 1, 1, 1>	CONFIGMU: 0.615294	DELTA: 0.021444
ITERATION:  46100 ARM: <0, 2, 1, 1, 1>	CONFIGMU: 0.615294	DELTA: 0.021444
ITERATION:  46200 ARM: <0, 2, 1, 1, 1>	CONFIGMU: 0.615294	DELTA: 0.021444
ITERATION:  46300 ARM: <0, 2, 1, 1, 1>	CONFIGMU: 0.615294	DELTA: 0.021444
ITERATION:  46400 ARM: <0, 2, 1, 1, 1>	CONFIGMU: 0.615294	DELTA: 0.021444
ITERATION:  46500 ARM: <0, 2, 1, 1, 1>	CONFIGMU: 0.615294	DELTA: 0.021444
ITERATION:  46600 ARM: <0, 2, 1, 1, 1>	CONFIGMU: 0.615294	DELTA: 0.021444
ITERATION:  46700 ARM: <0, 2, 1, 1, 1>	CONFIGMU: 0.615294	DELTA: 0.021444
ITERATION:  46800 ARM: <0, 2, 1, 1, 1>	CONFIGMU: 0.615294	DELTA: 0.021444
ITERATION:  46900 ARM: <0, 2, 1, 1, 1>	CONFIGMU: 0.615294	DELTA: 0.021444
ITERATION:  47000 ARM: <0, 2, 1, 1, 1>	CONFIGMU: 0.615294	DELTA: 0.021444
ITERATION:  47100 ARM: <0, 2, 1, 1, 1>	CONFIGMU: 0.615294	DELTA: 0.021444
ITERATION:  47200 ARM: <0, 2, 1, 1, 1>	CONFIGMU: 0.615294	DELTA: 0.021444
ITERATION:  47300 ARM: <0, 2, 1, 1, 1>	CONFIGMU: 0.615294	DELTA: 0.021444
ITERATION:  47400 ARM: <0, 2, 1, 1, 1>	CONFIGMU: 0.615294	DELTA: 0.021444
ITERATION:  47500 ARM: <0, 2, 1, 1, 1>	CONFIGMU: 0.615294	DELTA: 0.021444
ITERATION:  47600 ARM: <0, 2, 1, 1, 1>	CONFIGMU: 0.615294	DELTA: 0.021444
ITERATION:  47700 ARM: <0, 2, 1, 1, 1>	CONFIGMU: 0.615294	DELTA: 0.021444
ITERATION:  47800 ARM: <0, 2, 1, 1, 1>	CONFIGMU: 0.615294	DELTA: 0.021444
ITERATION:  47900 ARM: <0, 2, 1, 1, 1>	CONFIGMU: 0.615294	DELTA: 0.021444
ITERATION:  48000 ARM: <0, 2, 1, 1, 1>	CONFIGMU: 0.615294	DELTA: 0.021444
ITERATION:  48100 ARM: <0, 2, 1, 1, 1>	CONFIGMU: 0.615294	DELTA: 0.021444
ITERATION:  48200 ARM: <0, 2, 1, 1, 1>	CONFIGMU: 0.615294	DELTA: 0.021444
ITERATION:  48300 ARM: <0, 2, 1, 1, 1>	CONFIGMU: 0.615294	DELTA: 0.021444
ITERATION:  48400 ARM: <0, 2, 1, 1, 1>	CONFIGMU: 0.615294	DELTA: 0.021444
ITERATION:  48500 ARM: <0, 2, 1, 1, 1>	CONFIGMU: 0.615294	DELTA: 0.021444
ITERATION:  48600 ARM: <0, 2, 1, 1, 1>	CONFIGMU: 0.615294	DELTA: 0.021444
ITERATION:  48700 ARM: <0, 2, 1, 1, 1>	CONFIGMU: 0.615294	DELTA: 0.021444
ITERATION:  48800 ARM: <0, 2, 1, 1, 1>	CONFIGMU: 0.615294	DELTA: 0.021444
ITERATION:  48900 ARM: <0, 2, 1, 1, 1>	CONFIGMU: 0.615294	DELTA: 0.021444
ITERATION:  49000 ARM: <0, 2, 1, 1, 1>	CONFIGMU: 0.615294	DELTA: 0.021444
ITERATION:  49100 ARM: <0, 2, 1, 1, 1>	CONFIGMU: 0.615294	DELTA: 0.021444
ITERATION:  49200 ARM: <0, 2, 1, 1, 1>	CONFIGMU: 0.615294	DELTA: 0.021444
ITERATION:  49300 ARM: <0, 2, 1, 1, 1>	CONFIGMU: 0.615294	DELTA: 0.021444
ITERATION:  49400 ARM: <0, 2, 1, 1, 1>	CONFIGMU: 0.615294	DELTA: 0.021444
ITERATION:  49500 ARM: <0, 2, 1, 1, 1>	CONFIGMU: 0.615294	DELTA: 0.021444
ITERATION:  49600 ARM: <0, 2, 1, 1, 1>	CONFIGMU: 0.615294	DELTA: 0.021444
ITERATION:  49700 ARM: <0, 2, 1, 1, 1>	CONFIGMU: 0.615294	DELTA: 0.021444
ITERATION:  49800 ARM: <0, 2, 1, 1, 1>	CONFIGMU: 0.615294	DELTA: 0.021444
ITERATION:  49900 ARM: <0, 2, 1, 1, 1>	CONFIGMU: 0.615294	DELTA: 0.021444
ITERATION:  50000 ARM: <0, 2, 1, 1, 1>	CONFIGMU: 0.615294	DELTA: 0.021444
ITERATION:  50100 ARM: <0, 2, 1, 1, 1>	CONFIGMU: 0.615294	DELTA: 0.021444
ITERATION:  50200 ARM: <0, 2, 1, 1, 1>	CONFIGMU: 0.615294	DELTA: 0.021444
ITERATION:  50300 ARM: <0, 2, 1, 1, 1>	CONFIGMU: 0.615294	DELTA: 0.021444
ITERATION:  50400 ARM: <0, 2, 1, 1, 1>	CONFIGMU: 0.615294	DELTA: 0.021444
ITERATION:  50500 ARM: <0, 2, 1, 1, 1>	CONFIGMU: 0.615294	DELTA: 0.021444
ITERATION:  50600 ARM: <0, 2, 1, 1, 1>	CONFIGMU: 0.615294	DELTA: 0.021444
ITERATION:  50700 ARM: <0, 2, 1, 1, 1>	CONFIGMU: 0.615294	DELTA: 0.021444
ITERATION:  50800 ARM: <0, 2, 1, 1, 1>	CONFIGMU: 0.615294	DELTA: 0.021444
ITERATION:  50900 ARM: <0, 2, 1, 1, 1>	CONFIGMU: 0.615294	DELTA: 0.021444
ITERATION:  51000 ARM: <0, 2, 1, 1, 1>	CONFIGMU: 0.615294	DELTA: 0.021444
ITERATION:  51100 ARM: <0, 2, 1, 1, 1>	CONFIGMU: 0.615294	DELTA: 0.021444
ITERATION:  51200 ARM: <0, 2, 1, 1, 1>	CONFIGMU: 0.615294	DELTA: 0.021444
ITERATION:  51300 ARM: <0, 2, 1, 1, 1>	CONFIGMU: 0.615294	DELTA: 0.021444
ITERATION:  51400 ARM: <0, 2, 1, 1, 1>	CONFIGMU: 0.615294	DELTA: 0.021444
ITERATION:  51500 ARM: <0, 2, 1, 1, 1>	CONFIGMU: 0.615294	DELTA: 0.021444
ITERATION:  51600 ARM: <0, 2, 1, 1, 1>	CONFIGMU: 0.615294	DELTA: 0.021444
ITERATION:  51700 ARM: <0, 2, 1, 1, 1>	CONFIGMU: 0.615294	DELTA: 0.021444
ITERATION:  51800 ARM: <0, 2, 1, 1, 1>	CONFIGMU: 0.615294	DELTA: 0.021444
ITERATION:  51900 ARM: <0, 2, 1, 1, 1>	CONFIGMU: 0.615294	DELTA: 0.021444
ITERATION:  52000 ARM: <0, 2, 1, 1, 1>	CONFIGMU: 0.615294	DELTA: 0.021444
ITERATION:  52100 ARM: <0, 2, 1, 1, 1>	CONFIGMU: 0.615294	DELTA: 0.021444
ITERATION:  52200 ARM: <0, 2, 1, 1, 1>	CONFIGMU: 0.615294	DELTA: 0.021444
ITERATION:  52300 ARM: <0, 2, 1, 1, 1>	CONFIGMU: 0.615294	DELTA: 0.021444
ITERATION:  52400 ARM: <0, 2, 1, 1, 1>	CONFIGMU: 0.615294	DELTA: 0.021444
ITERATION:  52500 ARM: <0, 2, 1, 1, 1>	CONFIGMU: 0.615294	DELTA: 0.021444
ITERATION:  52600 ARM: <0, 2, 1, 1, 1>	CONFIGMU: 0.615294	DELTA: 0.021444
ITERATION:  52700 ARM: <0, 2, 1, 1, 1>	CONFIGMU: 0.615294	DELTA: 0.021444
ITERATION:  52800 ARM: <0, 2, 1, 1, 1>	CONFIGMU: 0.615294	DELTA: 0.021444
ITERATION:  52900 ARM: <0, 2, 1, 1, 1>	CONFIGMU: 0.615294	DELTA: 0.021444
ITERATION:  53000 ARM: <0, 2, 1, 1, 1>	CONFIGMU: 0.615294	DELTA: 0.021444
ITERATION:  53100 ARM: <0, 2, 1, 1, 1>	CONFIGMU: 0.615294	DELTA: 0.021444
ITERATION:  53200 ARM: <0, 2, 1, 1, 1>	CONFIGMU: 0.615294	DELTA: 0.021444
ITERATION:  53300 ARM: <0, 2, 1, 1, 1>	CONFIGMU: 0.615294	DELTA: 0.021444
ITERATION:  53400 ARM: <0, 2, 1, 1, 1>	CONFIGMU: 0.615294	DELTA: 0.021444
ITERATION:  53500 ARM: <0, 2, 1, 1, 1>	CONFIGMU: 0.615294	DELTA: 0.021444
ITERATION:  53600 ARM: <0, 2, 1, 1, 1>	CONFIGMU: 0.615294	DELTA: 0.021444
ITERATION:  53700 ARM: <0, 2, 1, 1, 1>	CONFIGMU: 0.615294	DELTA: 0.021444
ITERATION:  53800 ARM: <0, 2, 1, 1, 1>	CONFIGMU: 0.615294	DELTA: 0.021444
ITERATION:  53900 ARM: <0, 2, 1, 1, 1>	CONFIGMU: 0.615294	DELTA: 0.021444
ITERATION:  54000 ARM: <0, 2, 1, 1, 1>	CONFIGMU: 0.615294	DELTA: 0.021444
ITERATION:  54100 ARM: <0, 2, 1, 1, 1>	CONFIGMU: 0.615294	DELTA: 0.021444
ITERATION:  54200 ARM: <0, 2, 1, 1, 1>	CONFIGMU: 0.615294	DELTA: 0.021444
ITERATION:  54300 ARM: <0, 2, 1, 1, 1>	CONFIGMU: 0.615294	DELTA: 0.021444
ITERATION:  54400 ARM: <0, 2, 1, 1, 1>	CONFIGMU: 0.615294	DELTA: 0.021444
ITERATION:  54500 ARM: <0, 2, 1, 1, 1>	CONFIGMU: 0.615294	DELTA: 0.021444
ITERATION:  54600 ARM: <0, 2, 1, 1, 1>	CONFIGMU: 0.615294	DELTA: 0.021444
ITERATION:  54700 ARM: <0, 2, 1, 1, 1>	CONFIGMU: 0.615294	DELTA: 0.021444
ITERATION:  54800 ARM: <0, 2, 1, 1, 1>	CONFIGMU: 0.615294	DELTA: 0.021444
ITERATION:  54900 ARM: <0, 2, 1, 1, 1>	CONFIGMU: 0.615294	DELTA: 0.021444
ITERATION:  55000 ARM: <0, 2, 1, 1, 1>	CONFIGMU: 0.615294	DELTA: 0.021444
ITERATION:  55100 ARM: <0, 2, 1, 1, 1>	CONFIGMU: 0.615294	DELTA: 0.021444
ITERATION:  55200 ARM: <0, 2, 1, 1, 1>	CONFIGMU: 0.615294	DELTA: 0.021444
ITERATION:  55300 ARM: <0, 2, 1, 1, 1>	CONFIGMU: 0.615294	DELTA: 0.021444
ITERATION:  55400 ARM: <0, 2, 1, 1, 1>	CONFIGMU: 0.615294	DELTA: 0.021444
ITERATION:  55500 ARM: <0, 2, 1, 1, 1>	CONFIGMU: 0.615294	DELTA: 0.021444
ITERATION:  55600 ARM: <0, 2, 1, 1, 1>	CONFIGMU: 0.615294	DELTA: 0.021444
ITERATION:  55700 ARM: <0, 2, 1, 1, 1>	CONFIGMU: 0.615294	DELTA: 0.021444
ITERATION:  55800 ARM: <0, 2, 1, 1, 1>	CONFIGMU: 0.615294	DELTA: 0.021444
ITERATION:  55900 ARM: <0, 2, 1, 1, 1>	CONFIGMU: 0.615294	DELTA: 0.021444
ITERATION:  56000 ARM: <0, 2, 1, 1, 1>	CONFIGMU: 0.615294	DELTA: 0.021444
ITERATION:  56100 ARM: <0, 2, 1, 1, 1>	CONFIGMU: 0.615294	DELTA: 0.021444
ITERATION:  56200 ARM: <0, 2, 1, 1, 1>	CONFIGMU: 0.615294	DELTA: 0.021444
ITERATION:  56300 ARM: <0, 2, 1, 1, 1>	CONFIGMU: 0.615294	DELTA: 0.021444
ITERATION:  56400 ARM: <0, 2, 1, 1, 1>	CONFIGMU: 0.615294	DELTA: 0.021444
ITERATION:  56500 ARM: <0, 2, 1, 1, 1>	CONFIGMU: 0.615294	DELTA: 0.021444
ITERATION:  56600 ARM: <0, 2, 1, 1, 1>	CONFIGMU: 0.615294	DELTA: 0.021444
ITERATION:  56700 ARM: <0, 2, 1, 1, 1>	CONFIGMU: 0.615294	DELTA: 0.021444
ITERATION:  56800 ARM: <0, 2, 1, 1, 1>	CONFIGMU: 0.615294	DELTA: 0.021444
ITERATION:  56900 ARM: <0, 2, 1, 1, 1>	CONFIGMU: 0.615294	DELTA: 0.021444
ITERATION:  57000 ARM: <0, 2, 1, 1, 1>	CONFIGMU: 0.615294	DELTA: 0.021444
ITERATION:  57100 ARM: <0, 2, 1, 1, 1>	CONFIGMU: 0.615294	DELTA: 0.021444
ITERATION:  57200 ARM: <0, 2, 1, 1, 1>	CONFIGMU: 0.615294	DELTA: 0.021444
ITERATION:  57300 ARM: <0, 2, 1, 1, 1>	CONFIGMU: 0.615294	DELTA: 0.021444
ITERATION:  57400 ARM: <0, 2, 1, 1, 1>	CONFIGMU: 0.615294	DELTA: 0.021444
ITERATION:  57500 ARM: <0, 2, 1, 1, 1>	CONFIGMU: 0.615294	DELTA: 0.021444
ITERATION:  57600 ARM: <0, 2, 1, 1, 1>	CONFIGMU: 0.615294	DELTA: 0.021444
ITERATION:  57700 ARM: <0, 2, 1, 1, 1>	CONFIGMU: 0.615294	DELTA: 0.021444
ITERATION:  57800 ARM: <0, 2, 1, 1, 1>	CONFIGMU: 0.615294	DELTA: 0.021444
ITERATION:  57900 ARM: <0, 2, 1, 1, 1>	CONFIGMU: 0.615294	DELTA: 0.021444
ITERATION:  58000 ARM: <0, 2, 1, 1, 1>	CONFIGMU: 0.615294	DELTA: 0.021444
ITERATION:  58100 ARM: <0, 2, 1, 1, 1>	CONFIGMU: 0.615294	DELTA: 0.021444
ITERATION:  58200 ARM: <0, 2, 1, 1, 1>	CONFIGMU: 0.615294	DELTA: 0.021444
ITERATION:  58300 ARM: <0, 2, 1, 1, 1>	CONFIGMU: 0.615294	DELTA: 0.021444
ITERATION:  58400 ARM: <0, 2, 1, 1, 1>	CONFIGMU: 0.615294	DELTA: 0.021444
ITERATION:  58500 ARM: <0, 2, 1, 1, 1>	CONFIGMU: 0.615294	DELTA: 0.021444
ITERATION:  58600 ARM: <0, 2, 1, 1, 1>	CONFIGMU: 0.615294	DELTA: 0.021444
ITERATION:  58700 ARM: <0, 2, 1, 1, 1>	CONFIGMU: 0.615294	DELTA: 0.021444
ITERATION:  58800 ARM: <0, 2, 1, 1, 1>	CONFIGMU: 0.615294	DELTA: 0.021444
ITERATION:  58900 ARM: <0, 2, 1, 1, 1>	CONFIGMU: 0.615294	DELTA: 0.021444
ITERATION:  59000 ARM: <0, 2, 1, 1, 1>	CONFIGMU: 0.615294	DELTA: 0.021444
ITERATION:  59100 ARM: <0, 2, 1, 1, 1>	CONFIGMU: 0.615294	DELTA: 0.021444
ITERATION:  59200 ARM: <0, 2, 1, 1, 1>	CONFIGMU: 0.615294	DELTA: 0.021444
ITERATION:  59300 ARM: <0, 2, 1, 1, 1>	CONFIGMU: 0.615294	DELTA: 0.021444
ITERATION:  59400 ARM: <0, 2, 1, 1, 1>	CONFIGMU: 0.615294	DELTA: 0.021444
ITERATION:  59500 ARM: <0, 2, 1, 1, 1>	CONFIGMU: 0.615294	DELTA: 0.021444
ITERATION:  59600 ARM: <0, 2, 1, 1, 1>	CONFIGMU: 0.615294	DELTA: 0.021444
ITERATION:  59700 ARM: <0, 2, 1, 1, 1>	CONFIGMU: 0.615294	DELTA: 0.021444
ITERATION:  59800 ARM: <0, 2, 1, 1, 1>	CONFIGMU: 0.615294	DELTA: 0.021444
ITERATION:  59900 ARM: <0, 2, 1, 1, 1>	CONFIGMU: 0.615294	DELTA: 0.021444
ITERATION:  60000 ARM: <0, 2, 1, 1, 1>	CONFIGMU: 0.615294	DELTA: 0.021444
ITERATION:  60100 ARM: <0, 2, 1, 1, 1>	CONFIGMU: 0.615294	DELTA: 0.021444
ITERATION:  60200 ARM: <0, 2, 1, 1, 1>	CONFIGMU: 0.615294	DELTA: 0.021444
ITERATION:  60300 ARM: <0, 2, 1, 1, 1>	CONFIGMU: 0.615294	DELTA: 0.021444
ITERATION:  60400 ARM: <0, 2, 1, 1, 1>	CONFIGMU: 0.615294	DELTA: 0.021444
ITERATION:  60500 ARM: <0, 2, 1, 1, 1>	CONFIGMU: 0.615294	DELTA: 0.021444
ITERATION:  60600 ARM: <0, 2, 1, 1, 1>	CONFIGMU: 0.615294	DELTA: 0.021444
ITERATION:  60700 ARM: <0, 2, 1, 1, 1>	CONFIGMU: 0.615294	DELTA: 0.021444
ITERATION:  60800 ARM: <0, 2, 1, 1, 1>	CONFIGMU: 0.615294	DELTA: 0.021444
ITERATION:  60900 ARM: <0, 2, 1, 1, 1>	CONFIGMU: 0.615294	DELTA: 0.021444
ITERATION:  61000 ARM: <0, 2, 1, 1, 1>	CONFIGMU: 0.615294	DELTA: 0.021444
ITERATION:  61100 ARM: <0, 2, 1, 1, 1>	CONFIGMU: 0.615294	DELTA: 0.021444
ITERATION:  61200 ARM: <0, 2, 1, 1, 1>	CONFIGMU: 0.615294	DELTA: 0.021444
ITERATION:  61300 ARM: <0, 2, 1, 1, 1>	CONFIGMU: 0.615294	DELTA: 0.021444
ITERATION:  61400 ARM: <0, 2, 1, 1, 1>	CONFIGMU: 0.615294	DELTA: 0.021444
ITERATION:  61500 ARM: <0, 2, 1, 1, 1>	CONFIGMU: 0.615294	DELTA: 0.021444
ITERATION:  61600 ARM: <0, 2, 1, 1, 1>	CONFIGMU: 0.615294	DELTA: 0.021444
ITERATION:  61700 ARM: <0, 2, 1, 1, 1>	CONFIGMU: 0.615294	DELTA: 0.021444
ITERATION:  61800 ARM: <0, 2, 1, 1, 1>	CONFIGMU: 0.615294	DELTA: 0.021444
ITERATION:  61900 ARM: <0, 2, 1, 1, 1>	CONFIGMU: 0.615294	DELTA: 0.021444
ITERATION:  62000 ARM: <0, 2, 1, 1, 1>	CONFIGMU: 0.615294	DELTA: 0.021444
ITERATION:  62100 ARM: <0, 2, 1, 1, 1>	CONFIGMU: 0.615294	DELTA: 0.021444
ITERATION:  62200 ARM: <0, 2, 1, 1, 1>	CONFIGMU: 0.615294	DELTA: 0.021444
ITERATION:  62300 ARM: <0, 2, 1, 1, 1>	CONFIGMU: 0.615294	DELTA: 0.021444
ITERATION:  62400 ARM: <0, 2, 1, 1, 1>	CONFIGMU: 0.615294	DELTA: 0.021444
ITERATION:  62500 ARM: <0, 2, 1, 1, 1>	CONFIGMU: 0.615294	DELTA: 0.021444
ITERATION:  62600 ARM: <0, 2, 1, 1, 1>	CONFIGMU: 0.615294	DELTA: 0.021444
ITERATION:  62700 ARM: <0, 2, 1, 1, 1>	CONFIGMU: 0.615294	DELTA: 0.021444
ITERATION:  62800 ARM: <0, 2, 1, 1, 1>	CONFIGMU: 0.615294	DELTA: 0.021444
ITERATION:  62900 ARM: <0, 2, 1, 1, 1>	CONFIGMU: 0.615294	DELTA: 0.021444
ITERATION:  63000 ARM: <0, 2, 1, 1, 1>	CONFIGMU: 0.615294	DELTA: 0.021444
ITERATION:  63100 ARM: <0, 2, 1, 1, 1>	CONFIGMU: 0.615294	DELTA: 0.021444
ITERATION:  63200 ARM: <0, 2, 1, 1, 1>	CONFIGMU: 0.615294	DELTA: 0.021444
ITERATION:  63300 ARM: <0, 2, 1, 1, 1>	CONFIGMU: 0.615294	DELTA: 0.021444
ITERATION:  63400 ARM: <0, 2, 1, 1, 1>	CONFIGMU: 0.615294	DELTA: 0.021444
ITERATION:  63500 ARM: <0, 2, 1, 1, 1>	CONFIGMU: 0.615294	DELTA: 0.021444
ITERATION:  63600 ARM: <0, 2, 1, 1, 1>	CONFIGMU: 0.615294	DELTA: 0.021444
ITERATION:  63700 ARM: <0, 2, 1, 1, 1>	CONFIGMU: 0.615294	DELTA: 0.021444
ITERATION:  63800 ARM: <0, 2, 1, 1, 1>	CONFIGMU: 0.615294	DELTA: 0.021444
ITERATION:  63900 ARM: <0, 2, 1, 1, 1>	CONFIGMU: 0.615294	DELTA: 0.021444
ITERATION:  64000 ARM: <0, 2, 1, 1, 1>	CONFIGMU: 0.615294	DELTA: 0.021444
ITERATION:  64100 ARM: <0, 2, 1, 1, 1>	CONFIGMU: 0.615294	DELTA: 0.021444
ITERATION:  64200 ARM: <0, 2, 1, 1, 1>	CONFIGMU: 0.615294	DELTA: 0.021444
ITERATION:  64300 ARM: <0, 2, 1, 1, 1>	CONFIGMU: 0.615294	DELTA: 0.021444
ITERATION:  64400 ARM: <0, 2, 1, 1, 1>	CONFIGMU: 0.615294	DELTA: 0.021444
ITERATION:  64500 ARM: <0, 2, 1, 1, 1>	CONFIGMU: 0.615294	DELTA: 0.021444
ITERATION:  64600 ARM: <0, 2, 1, 1, 1>	CONFIGMU: 0.615294	DELTA: 0.021444
ITERATION:  64700 ARM: <0, 2, 1, 1, 1>	CONFIGMU: 0.615294	DELTA: 0.021444
ITERATION:  64800 ARM: <0, 2, 1, 1, 1>	CONFIGMU: 0.615294	DELTA: 0.021444
ITERATION:  64900 ARM: <0, 2, 1, 1, 1>	CONFIGMU: 0.615294	DELTA: 0.021444
ITERATION:  65000 ARM: <0, 2, 1, 1, 1>	CONFIGMU: 0.615294	DELTA: 0.021444
ITERATION:  65100 ARM: <0, 2, 1, 1, 1>	CONFIGMU: 0.615294	DELTA: 0.021444
ITERATION:  65200 ARM: <0, 2, 1, 1, 1>	CONFIGMU: 0.615294	DELTA: 0.021444
ITERATION:  65300 ARM: <0, 2, 1, 1, 1>	CONFIGMU: 0.615294	DELTA: 0.021444
ITERATION:  65400 ARM: <0, 2, 1, 1, 1>	CONFIGMU: 0.615294	DELTA: 0.021444
ITERATION:  65500 ARM: <0, 2, 1, 1, 1>	CONFIGMU: 0.615294	DELTA: 0.021444
ITERATION:  65600 ARM: <0, 2, 1, 1, 1>	CONFIGMU: 0.615294	DELTA: 0.021444
ITERATION:  65700 ARM: <0, 2, 1, 1, 1>	CONFIGMU: 0.615294	DELTA: 0.021444
ITERATION:  65800 ARM: <0, 2, 1, 1, 1>	CONFIGMU: 0.615294	DELTA: 0.021444
ITERATION:  65900 ARM: <0, 2, 1, 1, 1>	CONFIGMU: 0.615294	DELTA: 0.021444
ITERATION:  66000 ARM: <0, 2, 1, 1, 1>	CONFIGMU: 0.615294	DELTA: 0.021444
ITERATION:  66100 ARM: <0, 2, 1, 1, 1>	CONFIGMU: 0.615294	DELTA: 0.021444
ITERATION:  66200 ARM: <0, 2, 1, 1, 1>	CONFIGMU: 0.615294	DELTA: 0.021444
ITERATION:  66300 ARM: <0, 2, 1, 1, 1>	CONFIGMU: 0.615294	DELTA: 0.021444
ITERATION:  66400 ARM: <0, 2, 1, 1, 1>	CONFIGMU: 0.615294	DELTA: 0.021444
ITERATION:  66500 ARM: <0, 2, 1, 1, 1>	CONFIGMU: 0.615294	DELTA: 0.021444
ITERATION:  66600 ARM: <0, 2, 1, 1, 1>	CONFIGMU: 0.615294	DELTA: 0.021444
ITERATION:  66700 ARM: <0, 2, 1, 1, 1>	CONFIGMU: 0.615294	DELTA: 0.021444
ITERATION:  66800 ARM: <0, 2, 1, 1, 1>	CONFIGMU: 0.615294	DELTA: 0.021444
ITERATION:  66900 ARM: <0, 2, 1, 1, 1>	CONFIGMU: 0.615294	DELTA: 0.021444
ITERATION:  67000 ARM: <0, 2, 1, 1, 1>	CONFIGMU: 0.615294	DELTA: 0.021444
ITERATION:  67100 ARM: <0, 2, 1, 1, 1>	CONFIGMU: 0.615294	DELTA: 0.021444
ITERATION:  67200 ARM: <0, 2, 1, 1, 1>	CONFIGMU: 0.615294	DELTA: 0.021444
ITERATION:  67300 ARM: <0, 2, 1, 1, 1>	CONFIGMU: 0.615294	DELTA: 0.021444
ITERATION:  67400 ARM: <0, 2, 1, 1, 1>	CONFIGMU: 0.615294	DELTA: 0.021444
ITERATION:  67500 ARM: <0, 2, 1, 1, 1>	CONFIGMU: 0.615294	DELTA: 0.021444
ITERATION:  67600 ARM: <0, 2, 1, 1, 1>	CONFIGMU: 0.615294	DELTA: 0.021444
ITERATION:  67700 ARM: <0, 2, 1, 1, 1>	CONFIGMU: 0.615294	DELTA: 0.021444
ITERATION:  67800 ARM: <0, 2, 1, 1, 1>	CONFIGMU: 0.615294	DELTA: 0.021444
ITERATION:  67900 ARM: <0, 2, 1, 1, 1>	CONFIGMU: 0.615294	DELTA: 0.021444
ITERATION:  68000 ARM: <0, 2, 1, 1, 1>	CONFIGMU: 0.615294	DELTA: 0.021444
ITERATION:  68100 ARM: <0, 2, 1, 1, 1>	CONFIGMU: 0.615294	DELTA: 0.021444
ITERATION:  68200 ARM: <0, 2, 1, 1, 1>	CONFIGMU: 0.615294	DELTA: 0.021444
ITERATION:  68300 ARM: <0, 2, 1, 1, 1>	CONFIGMU: 0.615294	DELTA: 0.021444
ITERATION:  68400 ARM: <0, 2, 1, 1, 1>	CONFIGMU: 0.615294	DELTA: 0.021444
ITERATION:  68500 ARM: <0, 2, 1, 1, 1>	CONFIGMU: 0.615294	DELTA: 0.021444
ITERATION:  68600 ARM: <0, 2, 1, 1, 1>	CONFIGMU: 0.615294	DELTA: 0.021444
ITERATION:  68700 ARM: <0, 2, 1, 1, 1>	CONFIGMU: 0.615294	DELTA: 0.021444
ITERATION:  68800 ARM: <0, 2, 1, 1, 1>	CONFIGMU: 0.615294	DELTA: 0.021444
ITERATION:  68900 ARM: <0, 2, 1, 1, 1>	CONFIGMU: 0.615294	DELTA: 0.021444
ITERATION:  69000 ARM: <0, 2, 1, 1, 1>	CONFIGMU: 0.615294	DELTA: 0.021444
ITERATION:  69100 ARM: <0, 2, 1, 1, 1>	CONFIGMU: 0.615294	DELTA: 0.021444
ITERATION:  69200 ARM: <0, 2, 1, 1, 1>	CONFIGMU: 0.615294	DELTA: 0.021444
ITERATION:  69300 ARM: <0, 2, 1, 1, 1>	CONFIGMU: 0.615294	DELTA: 0.021444
ITERATION:  69400 ARM: <0, 2, 1, 1, 1>	CONFIGMU: 0.615294	DELTA: 0.021444
ITERATION:  69500 ARM: <0, 2, 1, 1, 1>	CONFIGMU: 0.615294	DELTA: 0.021444
ITERATION:  69600 ARM: <0, 2, 1, 1, 1>	CONFIGMU: 0.615294	DELTA: 0.021444
ITERATION:  69700 ARM: <0, 2, 1, 1, 1>	CONFIGMU: 0.615294	DELTA: 0.021444
ITERATION:  69800 ARM: <0, 2, 1, 1, 1>	CONFIGMU: 0.615294	DELTA: 0.021444
ITERATION:  69900 ARM: <0, 2, 1, 1, 1>	CONFIGMU: 0.615294	DELTA: 0.021444
ITERATION:  70000 ARM: <0, 2, 1, 1, 1>	CONFIGMU: 0.615294	DELTA: 0.021444
ITERATION:  70100 ARM: <0, 2, 1, 1, 1>	CONFIGMU: 0.615294	DELTA: 0.021444
ITERATION:  70200 ARM: <0, 2, 1, 1, 1>	CONFIGMU: 0.615294	DELTA: 0.021444
ITERATION:  70300 ARM: <0, 2, 1, 1, 1>	CONFIGMU: 0.615294	DELTA: 0.021444
ITERATION:  70400 ARM: <0, 2, 1, 1, 1>	CONFIGMU: 0.615294	DELTA: 0.021444
ITERATION:  70500 ARM: <0, 2, 1, 1, 1>	CONFIGMU: 0.615294	DELTA: 0.021444
ITERATION:  70600 ARM: <0, 2, 1, 1, 1>	CONFIGMU: 0.615294	DELTA: 0.021444
ITERATION:  70700 ARM: <0, 2, 1, 1, 1>	CONFIGMU: 0.615294	DELTA: 0.021444
ITERATION:  70800 ARM: <0, 2, 1, 1, 1>	CONFIGMU: 0.615294	DELTA: 0.021444
ITERATION:  70900 ARM: <0, 2, 1, 1, 1>	CONFIGMU: 0.615294	DELTA: 0.021444
ITERATION:  71000 ARM: <0, 2, 1, 1, 1>	CONFIGMU: 0.615294	DELTA: 0.021444
ITERATION:  71100 ARM: <0, 2, 1, 1, 1>	CONFIGMU: 0.615294	DELTA: 0.021444
ITERATION:  71200 ARM: <0, 2, 1, 1, 1>	CONFIGMU: 0.615294	DELTA: 0.021444
ITERATION:  71300 ARM: <0, 2, 1, 1, 1>	CONFIGMU: 0.615294	DELTA: 0.021444
ITERATION:  71400 ARM: <0, 2, 1, 1, 1>	CONFIGMU: 0.615294	DELTA: 0.021444
ITERATION:  71500 ARM: <0, 2, 1, 1, 1>	CONFIGMU: 0.615294	DELTA: 0.021444
ITERATION:  71600 ARM: <0, 2, 1, 1, 1>	CONFIGMU: 0.615294	DELTA: 0.021444
ITERATION:  71700 ARM: <0, 2, 1, 1, 1>	CONFIGMU: 0.615294	DELTA: 0.021444
ITERATION:  71800 ARM: <0, 2, 1, 1, 1>	CONFIGMU: 0.615294	DELTA: 0.021444
ITERATION:  71900 ARM: <0, 2, 1, 1, 1>	CONFIGMU: 0.615294	DELTA: 0.021444
ITERATION:  72000 ARM: <0, 2, 1, 1, 1>	CONFIGMU: 0.615294	DELTA: 0.021444
ITERATION:  72100 ARM: <0, 2, 1, 1, 1>	CONFIGMU: 0.615294	DELTA: 0.021444
ITERATION:  72200 ARM: <0, 2, 1, 1, 1>	CONFIGMU: 0.615294	DELTA: 0.021444
ITERATION:  72300 ARM: <0, 2, 1, 1, 1>	CONFIGMU: 0.615294	DELTA: 0.021444
ITERATION:  72400 ARM: <0, 2, 1, 1, 1>	CONFIGMU: 0.615294	DELTA: 0.021444
ITERATION:  72500 ARM: <0, 2, 1, 1, 1>	CONFIGMU: 0.615294	DELTA: 0.021444
ITERATION:  72600 ARM: <0, 2, 1, 1, 1>	CONFIGMU: 0.615294	DELTA: 0.021444
ITERATION:  72700 ARM: <0, 2, 1, 1, 1>	CONFIGMU: 0.615294	DELTA: 0.021444
ITERATION:  72800 ARM: <0, 2, 1, 1, 1>	CONFIGMU: 0.615294	DELTA: 0.021444
ITERATION:  72900 ARM: <0, 2, 1, 1, 1>	CONFIGMU: 0.615294	DELTA: 0.021444
ITERATION:  73000 ARM: <0, 2, 1, 1, 1>	CONFIGMU: 0.615294	DELTA: 0.021444
ITERATION:  73100 ARM: <0, 2, 1, 1, 1>	CONFIGMU: 0.615294	DELTA: 0.021444
ITERATION:  73200 ARM: <0, 2, 1, 1, 1>	CONFIGMU: 0.615294	DELTA: 0.021444
ITERATION:  73300 ARM: <0, 2, 1, 1, 1>	CONFIGMU: 0.615294	DELTA: 0.021444
ITERATION:  73400 ARM: <0, 2, 1, 1, 1>	CONFIGMU: 0.615294	DELTA: 0.021444
ITERATION:  73500 ARM: <0, 2, 1, 1, 1>	CONFIGMU: 0.615294	DELTA: 0.021444
ITERATION:  73600 ARM: <0, 2, 1, 1, 1>	CONFIGMU: 0.615294	DELTA: 0.021444
ITERATION:  73700 ARM: <0, 2, 1, 1, 1>	CONFIGMU: 0.615294	DELTA: 0.021444
ITERATION:  73800 ARM: <0, 2, 1, 1, 1>	CONFIGMU: 0.615294	DELTA: 0.021444
ITERATION:  73900 ARM: <0, 2, 1, 1, 1>	CONFIGMU: 0.615294	DELTA: 0.021444
ITERATION:  74000 ARM: <0, 2, 1, 1, 1>	CONFIGMU: 0.615294	DELTA: 0.021444
ITERATION:  74100 ARM: <0, 2, 1, 1, 1>	CONFIGMU: 0.615294	DELTA: 0.021444
ITERATION:  74200 ARM: <0, 2, 1, 1, 1>	CONFIGMU: 0.615294	DELTA: 0.021444
ITERATION:  74300 ARM: <0, 2, 1, 1, 1>	CONFIGMU: 0.615294	DELTA: 0.021444
ITERATION:  74400 ARM: <0, 2, 1, 1, 1>	CONFIGMU: 0.615294	DELTA: 0.021444
ITERATION:  74500 ARM: <0, 2, 1, 1, 1>	CONFIGMU: 0.615294	DELTA: 0.021444
ITERATION:  74600 ARM: <0, 2, 1, 1, 1>	CONFIGMU: 0.615294	DELTA: 0.021444
ITERATION:  74700 ARM: <0, 2, 1, 1, 1>	CONFIGMU: 0.615294	DELTA: 0.021444
ITERATION:  74800 ARM: <0, 2, 1, 1, 1>	CONFIGMU: 0.615294	DELTA: 0.021444
ITERATION:  74900 ARM: <0, 2, 1, 1, 1>	CONFIGMU: 0.615294	DELTA: 0.021444
ITERATION:  75000 ARM: <0, 2, 1, 1, 1>	CONFIGMU: 0.615294	DELTA: 0.021444
ITERATION:  75100 ARM: <0, 2, 1, 1, 1>	CONFIGMU: 0.615294	DELTA: 0.021444
ITERATION:  75200 ARM: <0, 2, 1, 1, 1>	CONFIGMU: 0.615294	DELTA: 0.021444
ITERATION:  75300 ARM: <0, 2, 1, 1, 1>	CONFIGMU: 0.615294	DELTA: 0.021444
ITERATION:  75400 ARM: <0, 2, 1, 1, 1>	CONFIGMU: 0.615294	DELTA: 0.021444
ITERATION:  75500 ARM: <0, 2, 1, 1, 1>	CONFIGMU: 0.615294	DELTA: 0.021444
ITERATION:  75600 ARM: <0, 2, 1, 1, 1>	CONFIGMU: 0.615294	DELTA: 0.021444
ITERATION:  75700 ARM: <0, 2, 1, 1, 1>	CONFIGMU: 0.615294	DELTA: 0.021444
ITERATION:  75800 ARM: <0, 2, 1, 1, 1>	CONFIGMU: 0.615294	DELTA: 0.021444
ITERATION:  75900 ARM: <0, 2, 1, 1, 1>	CONFIGMU: 0.615294	DELTA: 0.021444
ITERATION:  76000 ARM: <0, 2, 1, 1, 1>	CONFIGMU: 0.615294	DELTA: 0.021444
ITERATION:  76100 ARM: <0, 2, 1, 1, 1>	CONFIGMU: 0.615294	DELTA: 0.021444
ITERATION:  76200 ARM: <0, 2, 1, 1, 1>	CONFIGMU: 0.615294	DELTA: 0.021444
ITERATION:  76300 ARM: <0, 2, 1, 1, 1>	CONFIGMU: 0.615294	DELTA: 0.021444
ITERATION:  76400 ARM: <0, 2, 1, 1, 1>	CONFIGMU: 0.615294	DELTA: 0.021444
ITERATION:  76500 ARM: <0, 2, 1, 1, 1>	CONFIGMU: 0.615294	DELTA: 0.021444
ITERATION:  76600 ARM: <0, 2, 1, 1, 1>	CONFIGMU: 0.615294	DELTA: 0.021444
ITERATION:  76700 ARM: <0, 2, 1, 1, 1>	CONFIGMU: 0.615294	DELTA: 0.021444
ITERATION:  76800 ARM: <0, 2, 1, 1, 1>	CONFIGMU: 0.615294	DELTA: 0.021444
ITERATION:  76900 ARM: <0, 2, 1, 1, 1>	CONFIGMU: 0.615294	DELTA: 0.021444
ITERATION:  77000 ARM: <0, 2, 1, 1, 1>	CONFIGMU: 0.615294	DELTA: 0.021444
ITERATION:  77100 ARM: <0, 2, 1, 1, 1>	CONFIGMU: 0.615294	DELTA: 0.021444
ITERATION:  77200 ARM: <0, 2, 1, 1, 1>	CONFIGMU: 0.615294	DELTA: 0.021444
ITERATION:  77300 ARM: <0, 2, 1, 1, 1>	CONFIGMU: 0.615294	DELTA: 0.021444
ITERATION:  77400 ARM: <0, 2, 1, 1, 1>	CONFIGMU: 0.615294	DELTA: 0.021444
ITERATION:  77500 ARM: <0, 2, 1, 1, 1>	CONFIGMU: 0.615294	DELTA: 0.021444
ITERATION:  77600 ARM: <0, 2, 1, 1, 1>	CONFIGMU: 0.615294	DELTA: 0.021444
ITERATION:  77700 ARM: <0, 2, 1, 1, 1>	CONFIGMU: 0.615294	DELTA: 0.021444
ITERATION:  77800 ARM: <0, 2, 1, 1, 1>	CONFIGMU: 0.615294	DELTA: 0.021444
ITERATION:  77900 ARM: <0, 2, 1, 1, 1>	CONFIGMU: 0.615294	DELTA: 0.021444
ITERATION:  78000 ARM: <0, 2, 1, 1, 1>	CONFIGMU: 0.615294	DELTA: 0.021444
ITERATION:  78100 ARM: <0, 2, 1, 1, 1>	CONFIGMU: 0.615294	DELTA: 0.021444
ITERATION:  78200 ARM: <0, 2, 1, 1, 1>	CONFIGMU: 0.615294	DELTA: 0.021444
ITERATION:  78300 ARM: <0, 2, 1, 1, 1>	CONFIGMU: 0.615294	DELTA: 0.021444
ITERATION:  78400 ARM: <0, 2, 1, 1, 1>	CONFIGMU: 0.615294	DELTA: 0.021444
ITERATION:  78500 ARM: <0, 2, 1, 1, 1>	CONFIGMU: 0.615294	DELTA: 0.021444
ITERATION:  78600 ARM: <0, 2, 1, 1, 1>	CONFIGMU: 0.615294	DELTA: 0.021444
ITERATION:  78700 ARM: <0, 2, 1, 1, 1>	CONFIGMU: 0.615294	DELTA: 0.021444
ITERATION:  78800 ARM: <0, 2, 1, 1, 1>	CONFIGMU: 0.615294	DELTA: 0.021444
ITERATION:  78900 ARM: <0, 2, 1, 1, 1>	CONFIGMU: 0.615294	DELTA: 0.021444
ITERATION:  79000 ARM: <0, 2, 1, 1, 1>	CONFIGMU: 0.615294	DELTA: 0.021444
ITERATION:  79100 ARM: <0, 2, 1, 1, 1>	CONFIGMU: 0.615294	DELTA: 0.021444
ITERATION:  79200 ARM: <0, 2, 1, 1, 1>	CONFIGMU: 0.615294	DELTA: 0.021444
ITERATION:  79300 ARM: <0, 2, 1, 1, 1>	CONFIGMU: 0.615294	DELTA: 0.021444
ITERATION:  79400 ARM: <0, 2, 1, 1, 1>	CONFIGMU: 0.615294	DELTA: 0.021444
ITERATION:  79500 ARM: <0, 2, 1, 1, 1>	CONFIGMU: 0.615294	DELTA: 0.021444
ITERATION:  79600 ARM: <0, 2, 1, 1, 1>	CONFIGMU: 0.615294	DELTA: 0.021444
ITERATION:  79700 ARM: <0, 2, 1, 1, 1>	CONFIGMU: 0.615294	DELTA: 0.021444
ITERATION:  79800 ARM: <0, 2, 1, 1, 1>	CONFIGMU: 0.615294	DELTA: 0.021444
ITERATION:  79900 ARM: <0, 2, 1, 1, 1>	CONFIGMU: 0.615294	DELTA: 0.021444
ITERATION:  80000 ARM: <0, 2, 1, 1, 1>	CONFIGMU: 0.615294	DELTA: 0.021444
ITERATION:  80100 ARM: <0, 2, 1, 1, 1>	CONFIGMU: 0.615294	DELTA: 0.021444
ITERATION:  80200 ARM: <0, 2, 1, 1, 1>	CONFIGMU: 0.615294	DELTA: 0.021444
ITERATION:  80300 ARM: <0, 2, 1, 1, 1>	CONFIGMU: 0.615294	DELTA: 0.021444
ITERATION:  80400 ARM: <0, 2, 1, 1, 1>	CONFIGMU: 0.615294	DELTA: 0.021444
ITERATION:  80500 ARM: <0, 2, 1, 1, 1>	CONFIGMU: 0.615294	DELTA: 0.021444
ITERATION:  80600 ARM: <0, 2, 1, 1, 1>	CONFIGMU: 0.615294	DELTA: 0.021444
ITERATION:  80700 ARM: <0, 2, 1, 1, 1>	CONFIGMU: 0.615294	DELTA: 0.021444
ITERATION:  80800 ARM: <0, 2, 1, 1, 1>	CONFIGMU: 0.615294	DELTA: 0.021444
ITERATION:  80900 ARM: <0, 2, 1, 1, 1>	CONFIGMU: 0.615294	DELTA: 0.021444
ITERATION:  81000 ARM: <0, 2, 1, 1, 1>	CONFIGMU: 0.615294	DELTA: 0.021444
ITERATION:  81100 ARM: <0, 2, 1, 1, 1>	CONFIGMU: 0.615294	DELTA: 0.021444
ITERATION:  81200 ARM: <0, 2, 1, 1, 1>	CONFIGMU: 0.615294	DELTA: 0.021444
ITERATION:  81300 ARM: <0, 2, 1, 1, 1>	CONFIGMU: 0.615294	DELTA: 0.021444
ITERATION:  81400 ARM: <0, 2, 1, 1, 1>	CONFIGMU: 0.615294	DELTA: 0.021444
ITERATION:  81500 ARM: <0, 2, 1, 1, 1>	CONFIGMU: 0.615294	DELTA: 0.021444
ITERATION:  81600 ARM: <0, 2, 1, 1, 1>	CONFIGMU: 0.615294	DELTA: 0.021444
ITERATION:  81700 ARM: <0, 2, 1, 1, 1>	CONFIGMU: 0.615294	DELTA: 0.021444
ITERATION:  81800 ARM: <0, 2, 1, 1, 1>	CONFIGMU: 0.615294	DELTA: 0.021444
ITERATION:  81900 ARM: <0, 2, 1, 1, 1>	CONFIGMU: 0.615294	DELTA: 0.021444
ITERATION:  82000 ARM: <0, 2, 1, 1, 1>	CONFIGMU: 0.615294	DELTA: 0.021444
ITERATION:  82100 ARM: <0, 2, 1, 1, 1>	CONFIGMU: 0.615294	DELTA: 0.021444
ITERATION:  82200 ARM: <0, 2, 1, 1, 1>	CONFIGMU: 0.615294	DELTA: 0.021444
ITERATION:  82300 ARM: <0, 2, 1, 1, 1>	CONFIGMU: 0.615294	DELTA: 0.021444
ITERATION:  82400 ARM: <0, 2, 1, 1, 1>	CONFIGMU: 0.615294	DELTA: 0.021444
ITERATION:  82500 ARM: <0, 2, 1, 1, 1>	CONFIGMU: 0.615294	DELTA: 0.021444
ITERATION:  82600 ARM: <0, 2, 1, 1, 1>	CONFIGMU: 0.615294	DELTA: 0.021444
ITERATION:  82700 ARM: <0, 2, 1, 1, 1>	CONFIGMU: 0.615294	DELTA: 0.021444
ITERATION:  82800 ARM: <0, 2, 1, 1, 1>	CONFIGMU: 0.615294	DELTA: 0.021444
ITERATION:  82900 ARM: <0, 2, 1, 1, 1>	CONFIGMU: 0.615294	DELTA: 0.021444
ITERATION:  83000 ARM: <0, 2, 1, 1, 1>	CONFIGMU: 0.615294	DELTA: 0.021444
ITERATION:  83100 ARM: <0, 2, 1, 1, 1>	CONFIGMU: 0.615294	DELTA: 0.021444
ITERATION:  83200 ARM: <0, 2, 1, 1, 1>	CONFIGMU: 0.615294	DELTA: 0.021444
ITERATION:  83300 ARM: <0, 2, 1, 1, 1>	CONFIGMU: 0.615294	DELTA: 0.021444
ITERATION:  83400 ARM: <0, 2, 1, 1, 1>	CONFIGMU: 0.615294	DELTA: 0.021444
ITERATION:  83500 ARM: <0, 2, 1, 1, 1>	CONFIGMU: 0.615294	DELTA: 0.021444
ITERATION:  83600 ARM: <0, 2, 1, 1, 1>	CONFIGMU: 0.615294	DELTA: 0.021444
ITERATION:  83700 ARM: <0, 2, 1, 1, 1>	CONFIGMU: 0.615294	DELTA: 0.021444
ITERATION:  83800 ARM: <0, 2, 1, 1, 1>	CONFIGMU: 0.615294	DELTA: 0.021444
ITERATION:  83900 ARM: <0, 2, 1, 1, 1>	CONFIGMU: 0.615294	DELTA: 0.021444
ITERATION:  84000 ARM: <0, 2, 1, 1, 1>	CONFIGMU: 0.615294	DELTA: 0.021444
ITERATION:  84100 ARM: <0, 2, 1, 1, 1>	CONFIGMU: 0.615294	DELTA: 0.021444
ITERATION:  84200 ARM: <0, 2, 1, 1, 1>	CONFIGMU: 0.615294	DELTA: 0.021444
ITERATION:  84300 ARM: <0, 2, 1, 1, 1>	CONFIGMU: 0.615294	DELTA: 0.021444
ITERATION:  84400 ARM: <0, 2, 1, 1, 1>	CONFIGMU: 0.615294	DELTA: 0.021444
ITERATION:  84500 ARM: <0, 2, 1, 1, 1>	CONFIGMU: 0.615294	DELTA: 0.021444
ITERATION:  84600 ARM: <0, 2, 1, 1, 1>	CONFIGMU: 0.615294	DELTA: 0.021444
ITERATION:  84700 ARM: <0, 2, 1, 1, 1>	CONFIGMU: 0.615294	DELTA: 0.021444
ITERATION:  84800 ARM: <0, 2, 1, 1, 1>	CONFIGMU: 0.615294	DELTA: 0.021444
ITERATION:  84900 ARM: <0, 2, 1, 1, 1>	CONFIGMU: 0.615294	DELTA: 0.021444
ITERATION:  85000 ARM: <0, 2, 1, 1, 1>	CONFIGMU: 0.615294	DELTA: 0.021444
ITERATION:  85100 ARM: <0, 2, 1, 1, 1>	CONFIGMU: 0.615294	DELTA: 0.021444
ITERATION:  85200 ARM: <0, 2, 1, 1, 1>	CONFIGMU: 0.615294	DELTA: 0.021444
ITERATION:  85300 ARM: <0, 2, 1, 1, 1>	CONFIGMU: 0.615294	DELTA: 0.021444
ITERATION:  85400 ARM: <0, 2, 1, 1, 1>	CONFIGMU: 0.615294	DELTA: 0.021444
ITERATION:  85500 ARM: <0, 2, 1, 1, 1>	CONFIGMU: 0.615294	DELTA: 0.021444
ITERATION:  85600 ARM: <0, 2, 1, 1, 1>	CONFIGMU: 0.615294	DELTA: 0.021444
ITERATION:  85700 ARM: <0, 2, 1, 1, 1>	CONFIGMU: 0.615294	DELTA: 0.021444
ITERATION:  85800 ARM: <0, 2, 1, 1, 1>	CONFIGMU: 0.615294	DELTA: 0.021444
ITERATION:  85900 ARM: <0, 2, 1, 1, 1>	CONFIGMU: 0.615294	DELTA: 0.021444
ITERATION:  86000 ARM: <0, 2, 1, 1, 1>	CONFIGMU: 0.615294	DELTA: 0.021444
ITERATION:  86100 ARM: <0, 2, 1, 1, 1>	CONFIGMU: 0.615294	DELTA: 0.021444
ITERATION:  86200 ARM: <0, 2, 1, 1, 1>	CONFIGMU: 0.615294	DELTA: 0.021444
ITERATION:  86300 ARM: <0, 2, 1, 1, 1>	CONFIGMU: 0.615294	DELTA: 0.021444
ITERATION:  86400 ARM: <0, 2, 1, 1, 1>	CONFIGMU: 0.615294	DELTA: 0.021444
ITERATION:  86500 ARM: <0, 2, 1, 1, 1>	CONFIGMU: 0.615294	DELTA: 0.021444
ITERATION:  86600 ARM: <0, 2, 1, 1, 1>	CONFIGMU: 0.615294	DELTA: 0.021444
ITERATION:  86700 ARM: <0, 2, 1, 1, 1>	CONFIGMU: 0.615294	DELTA: 0.021444
ITERATION:  86800 ARM: <0, 2, 1, 1, 1>	CONFIGMU: 0.615294	DELTA: 0.021444
ITERATION:  86900 ARM: <0, 2, 1, 1, 1>	CONFIGMU: 0.615294	DELTA: 0.021444
ITERATION:  87000 ARM: <0, 2, 1, 1, 1>	CONFIGMU: 0.615294	DELTA: 0.021444
ITERATION:  87100 ARM: <0, 2, 1, 1, 1>	CONFIGMU: 0.615294	DELTA: 0.021444
ITERATION:  87200 ARM: <0, 2, 1, 1, 1>	CONFIGMU: 0.615294	DELTA: 0.021444
ITERATION:  87300 ARM: <0, 2, 1, 1, 1>	CONFIGMU: 0.615294	DELTA: 0.021444
ITERATION:  87400 ARM: <0, 2, 1, 1, 1>	CONFIGMU: 0.615294	DELTA: 0.021444
ITERATION:  87500 ARM: <0, 2, 1, 1, 1>	CONFIGMU: 0.615294	DELTA: 0.021444
ITERATION:  87600 ARM: <0, 2, 1, 1, 1>	CONFIGMU: 0.615294	DELTA: 0.021444
ITERATION:  87700 ARM: <0, 2, 1, 1, 1>	CONFIGMU: 0.615294	DELTA: 0.021444
ITERATION:  87800 ARM: <0, 2, 1, 1, 1>	CONFIGMU: 0.615294	DELTA: 0.021444
ITERATION:  87900 ARM: <0, 2, 1, 1, 1>	CONFIGMU: 0.615294	DELTA: 0.021444
ITERATION:  88000 ARM: <0, 2, 1, 1, 1>	CONFIGMU: 0.615294	DELTA: 0.021444
ITERATION:  88100 ARM: <0, 2, 1, 1, 1>	CONFIGMU: 0.615294	DELTA: 0.021444
ITERATION:  88200 ARM: <0, 2, 1, 1, 1>	CONFIGMU: 0.615294	DELTA: 0.021444
ITERATION:  88300 ARM: <0, 2, 1, 1, 1>	CONFIGMU: 0.615294	DELTA: 0.021444
ITERATION:  88400 ARM: <0, 2, 1, 1, 1>	CONFIGMU: 0.615294	DELTA: 0.021444
ITERATION:  88500 ARM: <0, 2, 1, 1, 1>	CONFIGMU: 0.615294	DELTA: 0.021444
ITERATION:  88600 ARM: <0, 2, 1, 1, 1>	CONFIGMU: 0.615294	DELTA: 0.021444
ITERATION:  88700 ARM: <0, 2, 1, 1, 1>	CONFIGMU: 0.615294	DELTA: 0.021444
ITERATION:  88800 ARM: <0, 2, 1, 1, 1>	CONFIGMU: 0.615294	DELTA: 0.021444
ITERATION:  88900 ARM: <0, 2, 1, 1, 1>	CONFIGMU: 0.615294	DELTA: 0.021444
ITERATION:  89000 ARM: <0, 2, 1, 1, 1>	CONFIGMU: 0.615294	DELTA: 0.021444
ITERATION:  89100 ARM: <0, 2, 1, 1, 1>	CONFIGMU: 0.615294	DELTA: 0.021444
ITERATION:  89200 ARM: <0, 2, 1, 1, 1>	CONFIGMU: 0.615294	DELTA: 0.021444
ITERATION:  89300 ARM: <0, 2, 1, 1, 1>	CONFIGMU: 0.615294	DELTA: 0.021444
ITERATION:  89400 ARM: <0, 2, 1, 1, 1>	CONFIGMU: 0.615294	DELTA: 0.021444
ITERATION:  89500 ARM: <0, 2, 1, 1, 1>	CONFIGMU: 0.615294	DELTA: 0.021444
ITERATION:  89600 ARM: <0, 2, 1, 1, 1>	CONFIGMU: 0.615294	DELTA: 0.021444
ITERATION:  89700 ARM: <0, 2, 1, 1, 1>	CONFIGMU: 0.615294	DELTA: 0.021444
ITERATION:  89800 ARM: <0, 2, 1, 1, 1>	CONFIGMU: 0.615294	DELTA: 0.021444
ITERATION:  89900 ARM: <0, 2, 1, 1, 1>	CONFIGMU: 0.615294	DELTA: 0.021444
ITERATION:  90000 ARM: <0, 2, 1, 1, 1>	CONFIGMU: 0.615294	DELTA: 0.021444
ITERATION:  90100 ARM: <0, 2, 1, 1, 1>	CONFIGMU: 0.615294	DELTA: 0.021444
ITERATION:  90200 ARM: <0, 2, 1, 1, 1>	CONFIGMU: 0.615294	DELTA: 0.021444
ITERATION:  90300 ARM: <0, 2, 1, 1, 1>	CONFIGMU: 0.615294	DELTA: 0.021444
ITERATION:  90400 ARM: <0, 2, 1, 1, 1>	CONFIGMU: 0.615294	DELTA: 0.021444
ITERATION:  90500 ARM: <0, 2, 1, 1, 1>	CONFIGMU: 0.615294	DELTA: 0.021444
ITERATION:  90600 ARM: <0, 2, 1, 1, 1>	CONFIGMU: 0.615294	DELTA: 0.021444
ITERATION:  90700 ARM: <0, 2, 1, 1, 1>	CONFIGMU: 0.615294	DELTA: 0.021444
ITERATION:  90800 ARM: <0, 2, 1, 1, 1>	CONFIGMU: 0.615294	DELTA: 0.021444
ITERATION:  90900 ARM: <0, 2, 1, 1, 1>	CONFIGMU: 0.615294	DELTA: 0.021444
ITERATION:  91000 ARM: <0, 2, 1, 1, 1>	CONFIGMU: 0.615294	DELTA: 0.021444
ITERATION:  91100 ARM: <0, 2, 1, 1, 1>	CONFIGMU: 0.615294	DELTA: 0.021444
ITERATION:  91200 ARM: <0, 2, 1, 1, 1>	CONFIGMU: 0.615294	DELTA: 0.021444
ITERATION:  91300 ARM: <0, 2, 1, 1, 1>	CONFIGMU: 0.615294	DELTA: 0.021444
ITERATION:  91400 ARM: <0, 2, 1, 1, 1>	CONFIGMU: 0.615294	DELTA: 0.021444
ITERATION:  91500 ARM: <0, 2, 1, 1, 1>	CONFIGMU: 0.615294	DELTA: 0.021444
ITERATION:  91600 ARM: <0, 2, 1, 1, 1>	CONFIGMU: 0.615294	DELTA: 0.021444
ITERATION:  91700 ARM: <0, 2, 1, 1, 1>	CONFIGMU: 0.615294	DELTA: 0.021444
ITERATION:  91800 ARM: <0, 2, 1, 1, 1>	CONFIGMU: 0.615294	DELTA: 0.021444
ITERATION:  91900 ARM: <0, 2, 1, 1, 1>	CONFIGMU: 0.615294	DELTA: 0.021444
ITERATION:  92000 ARM: <0, 2, 1, 1, 1>	CONFIGMU: 0.615294	DELTA: 0.021444
ITERATION:  92100 ARM: <0, 2, 1, 1, 1>	CONFIGMU: 0.615294	DELTA: 0.021444
ITERATION:  92200 ARM: <0, 2, 1, 1, 1>	CONFIGMU: 0.615294	DELTA: 0.021444
ITERATION:  92300 ARM: <0, 2, 1, 1, 1>	CONFIGMU: 0.615294	DELTA: 0.021444
ITERATION:  92400 ARM: <0, 2, 1, 1, 1>	CONFIGMU: 0.615294	DELTA: 0.021444
ITERATION:  92500 ARM: <0, 2, 1, 1, 1>	CONFIGMU: 0.615294	DELTA: 0.021444
ITERATION:  92600 ARM: <0, 2, 1, 1, 1>	CONFIGMU: 0.615294	DELTA: 0.021444
ITERATION:  92700 ARM: <0, 2, 1, 1, 1>	CONFIGMU: 0.615294	DELTA: 0.021444
ITERATION:  92800 ARM: <0, 2, 1, 1, 1>	CONFIGMU: 0.615294	DELTA: 0.021444
ITERATION:  92900 ARM: <0, 2, 1, 1, 1>	CONFIGMU: 0.615294	DELTA: 0.021444
ITERATION:  93000 ARM: <0, 2, 1, 1, 1>	CONFIGMU: 0.615294	DELTA: 0.021444
ITERATION:  93100 ARM: <0, 2, 1, 1, 1>	CONFIGMU: 0.615294	DELTA: 0.021444
ITERATION:  93200 ARM: <0, 2, 1, 1, 1>	CONFIGMU: 0.615294	DELTA: 0.021444
ITERATION:  93300 ARM: <0, 2, 1, 1, 1>	CONFIGMU: 0.615294	DELTA: 0.021444
ITERATION:  93400 ARM: <0, 2, 1, 1, 1>	CONFIGMU: 0.615294	DELTA: 0.021444
ITERATION:  93500 ARM: <0, 2, 1, 1, 1>	CONFIGMU: 0.615294	DELTA: 0.021444
ITERATION:  93600 ARM: <0, 2, 1, 1, 1>	CONFIGMU: 0.615294	DELTA: 0.021444
ITERATION:  93700 ARM: <0, 2, 1, 1, 1>	CONFIGMU: 0.615294	DELTA: 0.021444
ITERATION:  93800 ARM: <0, 2, 1, 1, 1>	CONFIGMU: 0.615294	DELTA: 0.021444
ITERATION:  93900 ARM: <0, 2, 1, 1, 1>	CONFIGMU: 0.615294	DELTA: 0.021444
ITERATION:  94000 ARM: <0, 2, 1, 1, 1>	CONFIGMU: 0.615294	DELTA: 0.021444
ITERATION:  94100 ARM: <0, 2, 1, 1, 1>	CONFIGMU: 0.615294	DELTA: 0.021444
ITERATION:  94200 ARM: <0, 2, 1, 1, 1>	CONFIGMU: 0.615294	DELTA: 0.021444
ITERATION:  94300 ARM: <0, 2, 1, 1, 1>	CONFIGMU: 0.615294	DELTA: 0.021444
ITERATION:  94400 ARM: <0, 2, 1, 1, 1>	CONFIGMU: 0.615294	DELTA: 0.021444
ITERATION:  94500 ARM: <0, 2, 1, 1, 1>	CONFIGMU: 0.615294	DELTA: 0.021444
ITERATION:  94600 ARM: <0, 2, 1, 1, 1>	CONFIGMU: 0.615294	DELTA: 0.021444
ITERATION:  94700 ARM: <0, 2, 1, 1, 1>	CONFIGMU: 0.615294	DELTA: 0.021444
ITERATION:  94800 ARM: <0, 2, 1, 1, 1>	CONFIGMU: 0.615294	DELTA: 0.021444
ITERATION:  94900 ARM: <0, 2, 1, 1, 1>	CONFIGMU: 0.615294	DELTA: 0.021444
ITERATION:  95000 ARM: <0, 2, 1, 1, 1>	CONFIGMU: 0.615294	DELTA: 0.021444
ITERATION:  95100 ARM: <0, 2, 1, 1, 1>	CONFIGMU: 0.615294	DELTA: 0.021444
ITERATION:  95200 ARM: <0, 2, 1, 1, 1>	CONFIGMU: 0.615294	DELTA: 0.021444
ITERATION:  95300 ARM: <0, 2, 1, 1, 1>	CONFIGMU: 0.615294	DELTA: 0.021444
ITERATION:  95400 ARM: <0, 2, 1, 1, 1>	CONFIGMU: 0.615294	DELTA: 0.021444
ITERATION:  95500 ARM: <0, 2, 1, 1, 1>	CONFIGMU: 0.615294	DELTA: 0.021444
ITERATION:  95600 ARM: <0, 2, 1, 1, 1>	CONFIGMU: 0.615294	DELTA: 0.021444
ITERATION:  95700 ARM: <0, 2, 1, 1, 1>	CONFIGMU: 0.615294	DELTA: 0.021444
ITERATION:  95800 ARM: <0, 2, 1, 1, 1>	CONFIGMU: 0.615294	DELTA: 0.021444
ITERATION:  95900 ARM: <0, 2, 1, 1, 1>	CONFIGMU: 0.615294	DELTA: 0.021444
ITERATION:  96000 ARM: <0, 2, 1, 1, 1>	CONFIGMU: 0.615294	DELTA: 0.021444
ITERATION:  96100 ARM: <0, 2, 1, 1, 1>	CONFIGMU: 0.615294	DELTA: 0.021444
ITERATION:  96200 ARM: <0, 2, 1, 1, 1>	CONFIGMU: 0.615294	DELTA: 0.021444
ITERATION:  96300 ARM: <0, 2, 1, 1, 1>	CONFIGMU: 0.615294	DELTA: 0.021444
ITERATION:  96400 ARM: <0, 2, 1, 1, 1>	CONFIGMU: 0.615294	DELTA: 0.021444
ITERATION:  96500 ARM: <0, 2, 1, 1, 1>	CONFIGMU: 0.615294	DELTA: 0.021444
ITERATION:  96600 ARM: <0, 2, 1, 1, 1>	CONFIGMU: 0.615294	DELTA: 0.021444
ITERATION:  96700 ARM: <0, 2, 1, 1, 1>	CONFIGMU: 0.615294	DELTA: 0.021444
ITERATION:  96800 ARM: <0, 2, 1, 1, 1>	CONFIGMU: 0.615294	DELTA: 0.021444
ITERATION:  96900 ARM: <0, 2, 1, 1, 1>	CONFIGMU: 0.615294	DELTA: 0.021444
ITERATION:  97000 ARM: <0, 2, 1, 1, 1>	CONFIGMU: 0.615294	DELTA: 0.021444
ITERATION:  97100 ARM: <0, 2, 1, 1, 1>	CONFIGMU: 0.615294	DELTA: 0.021444
ITERATION:  97200 ARM: <0, 2, 1, 1, 1>	CONFIGMU: 0.615294	DELTA: 0.021444
ITERATION:  97300 ARM: <0, 2, 1, 1, 1>	CONFIGMU: 0.615294	DELTA: 0.021444
ITERATION:  97400 ARM: <0, 2, 1, 1, 1>	CONFIGMU: 0.615294	DELTA: 0.021444
ITERATION:  97500 ARM: <0, 2, 1, 1, 1>	CONFIGMU: 0.615294	DELTA: 0.021444
ITERATION:  97600 ARM: <0, 2, 1, 1, 1>	CONFIGMU: 0.615294	DELTA: 0.021444
ITERATION:  97700 ARM: <0, 2, 1, 1, 1>	CONFIGMU: 0.615294	DELTA: 0.021444
ITERATION:  97800 ARM: <0, 2, 1, 1, 1>	CONFIGMU: 0.615294	DELTA: 0.021444
ITERATION:  97900 ARM: <0, 2, 1, 1, 1>	CONFIGMU: 0.615294	DELTA: 0.021444
ITERATION:  98000 ARM: <0, 2, 1, 1, 1>	CONFIGMU: 0.615294	DELTA: 0.021444
ITERATION:  98100 ARM: <0, 2, 1, 1, 1>	CONFIGMU: 0.615294	DELTA: 0.021444
ITERATION:  98200 ARM: <0, 2, 1, 1, 1>	CONFIGMU: 0.615294	DELTA: 0.021444
ITERATION:  98300 ARM: <0, 2, 1, 1, 1>	CONFIGMU: 0.615294	DELTA: 0.021444
ITERATION:  98400 ARM: <0, 2, 1, 1, 1>	CONFIGMU: 0.615294	DELTA: 0.021444
ITERATION:  98500 ARM: <0, 2, 1, 1, 1>	CONFIGMU: 0.615294	DELTA: 0.021444
ITERATION:  98600 ARM: <0, 2, 1, 1, 1>	CONFIGMU: 0.615294	DELTA: 0.021444
ITERATION:  98700 ARM: <0, 2, 1, 1, 1>	CONFIGMU: 0.615294	DELTA: 0.021444
ITERATION:  98800 ARM: <0, 2, 1, 1, 1>	CONFIGMU: 0.615294	DELTA: 0.021444
ITERATION:  98900 ARM: <0, 2, 1, 1, 1>	CONFIGMU: 0.615294	DELTA: 0.021444
ITERATION:  99000 ARM: <0, 2, 1, 1, 1>	CONFIGMU: 0.615294	DELTA: 0.021444
ITERATION:  99100 ARM: <0, 2, 1, 1, 1>	CONFIGMU: 0.615294	DELTA: 0.021444
ITERATION:  99200 ARM: <0, 2, 1, 1, 1>	CONFIGMU: 0.615294	DELTA: 0.021444
ITERATION:  99300 ARM: <0, 2, 1, 1, 1>	CONFIGMU: 0.615294	DELTA: 0.021444
ITERATION:  99400 ARM: <0, 2, 1, 1, 1>	CONFIGMU: 0.615294	DELTA: 0.021444
ITERATION:  99500 ARM: <0, 2, 1, 1, 1>	CONFIGMU: 0.615294	DELTA: 0.021444
ITERATION:  99600 ARM: <0, 2, 1, 1, 1>	CONFIGMU: 0.615294	DELTA: 0.021444
ITERATION:  99700 ARM: <0, 2, 1, 1, 1>	CONFIGMU: 0.615294	DELTA: 0.021444
ITERATION:  99800 ARM: <0, 2, 1, 1, 1>	CONFIGMU: 0.615294	DELTA: 0.021444
ITERATION:  99900 ARM: <0, 2, 1, 1, 1>	CONFIGMU: 0.615294	DELTA: 0.021444
ITERATION: 100000 ARM: <0, 2, 1, 1, 1>	CONFIGMU: 0.615294	DELTA: 0.021444
ITERATION: 100000 ARM: <0, 2, 1, 1, 1>	CONFIGMU: 0.615294	DELTA: 0.021444

BEST ARM: <0, 2, 1, 1, 1>	CONFIGMU: 0.615294	DELTA: 0.021444

--------------
Optimal Arm: <0, 2, 0, 1, 1> 
--------------
--- END OF EXPERIMENT ---

